<?xml version="1.0" encoding="UTF-8"?>
<coverage generated="1769776033057" clover="3.2.0">
  <project timestamp="1769776033057" name="All files">
    <metrics statements="280" coveredstatements="229" conditionals="167" coveredconditionals="127" methods="73" coveredmethods="59" elements="520" coveredelements="415" complexity="0" loc="280" ncloc="280" packages="3" files="6" classes="6"/>
    <package name="jupiter">
      <metrics statements="159" coveredstatements="122" conditionals="95" coveredconditionals="63" methods="28" coveredmethods="24"/>
      <file name="campaigns.ts" path="/Users/hb/Projekte/solana/mobile/one-tap-dapp/app/jupiter/campaigns.ts">
        <metrics statements="54" coveredstatements="54" conditionals="30" coveredconditionals="29" methods="11" coveredmethods="11"/>
        <line num="53" count="3" type="stmt"/>
        <line num="72" count="3" type="stmt"/>
        <line num="83" count="3" type="cond" truecount="2" falsecount="0"/>
        <line num="86" count="3" type="stmt"/>
        <line num="114" count="3" type="stmt"/>
        <line num="156" count="3" type="stmt"/>
        <line num="185" count="3" type="stmt"/>
        <line num="214" count="3" type="stmt"/>
        <line num="241" count="3" type="stmt"/>
        <line num="270" count="3" type="stmt"/>
        <line num="296" count="3" type="stmt"/>
        <line num="305" count="3" type="stmt"/>
        <line num="312" count="11" type="stmt"/>
        <line num="314" count="11" type="cond" truecount="2" falsecount="0"/>
        <line num="315" count="2" type="stmt"/>
        <line num="318" count="9" type="cond" truecount="4" falsecount="0"/>
        <line num="319" count="2" type="stmt"/>
        <line num="322" count="7" type="stmt"/>
        <line num="327" count="3" type="stmt"/>
        <line num="328" count="3" type="cond" truecount="1" falsecount="1"/>
        <line num="338" count="14" type="cond" truecount="2" falsecount="0"/>
        <line num="340" count="10" type="stmt"/>
        <line num="341" count="10" type="stmt"/>
        <line num="343" count="10" type="cond" truecount="2" falsecount="0"/>
        <line num="344" count="4" type="stmt"/>
        <line num="347" count="6" type="stmt"/>
        <line num="348" count="6" type="stmt"/>
        <line num="349" count="6" type="stmt"/>
        <line num="351" count="6" type="stmt"/>
        <line num="356" count="8" type="stmt"/>
        <line num="358" count="8" type="cond" truecount="2" falsecount="0"/>
        <line num="359" count="6" type="cond" truecount="2" falsecount="0"/>
        <line num="361" count="4" type="cond" truecount="2" falsecount="0"/>
        <line num="362" count="2" type="stmt"/>
        <line num="364" count="2" type="cond" truecount="2" falsecount="0"/>
        <line num="365" count="1" type="stmt"/>
        <line num="367" count="1" type="stmt"/>
        <line num="372" count="76" type="stmt"/>
        <line num="374" count="76" type="stmt"/>
        <line num="375" count="663" type="cond" truecount="2" falsecount="0"/>
        <line num="376" count="70" type="stmt"/>
        <line num="380" count="6" type="stmt"/>
        <line num="385" count="21" type="stmt"/>
        <line num="386" count="174" type="stmt"/>
        <line num="388" count="21" type="cond" truecount="2" falsecount="0"/>
        <line num="389" count="12" type="stmt"/>
        <line num="392" count="9" type="stmt"/>
        <line num="400" count="15" type="stmt"/>
        <line num="401" count="17" type="cond" truecount="2" falsecount="0"/>
        <line num="402" count="13" type="stmt"/>
        <line num="404" count="4" type="stmt"/>
        <line num="414" count="8" type="stmt"/>
        <line num="415" count="8" type="stmt"/>
        <line num="417" count="8" type="stmt"/>
      </file>
      <file name="config.ts" path="/Users/hb/Projekte/solana/mobile/one-tap-dapp/app/jupiter/config.ts">
        <metrics statements="7" coveredstatements="7" conditionals="6" coveredconditionals="5" methods="2" coveredmethods="2"/>
        <line num="7" count="1" type="cond" truecount="2" falsecount="0"/>
        <line num="9" count="1" type="stmt"/>
        <line num="13" count="1" type="cond" truecount="2" falsecount="0"/>
        <line num="14" count="1" type="stmt"/>
        <line num="17" count="10" type="stmt"/>
        <line num="26" count="19" type="cond" truecount="1" falsecount="1"/>
        <line num="27" count="19" type="stmt"/>
      </file>
      <file name="fees.ts" path="/Users/hb/Projekte/solana/mobile/one-tap-dapp/app/jupiter/fees.ts">
        <metrics statements="27" coveredstatements="26" conditionals="14" coveredconditionals="12" methods="9" coveredmethods="8"/>
        <line num="25" count="1" type="cond" truecount="1" falsecount="1"/>
        <line num="29" count="1" type="stmt"/>
        <line num="34" count="1" type="stmt"/>
        <line num="35" count="1" type="cond" truecount="2" falsecount="0"/>
        <line num="39" count="1" type="cond" truecount="1" falsecount="1"/>
        <line num="40" count="1" type="stmt"/>
        <line num="53" count="1" type="stmt"/>
        <line num="57" count="31" type="stmt"/>
        <line num="63" count="9" type="cond" truecount="2" falsecount="0"/>
        <line num="64" count="6" type="stmt"/>
        <line num="66" count="3" type="stmt"/>
        <line num="74" count="0" type="stmt"/>
        <line num="79" count="15" type="stmt"/>
        <line num="84" count="5" type="stmt"/>
        <line num="85" count="5" type="cond" truecount="2" falsecount="0"/>
        <line num="86" count="3" type="stmt"/>
        <line num="91" count="4" type="cond" truecount="2" falsecount="0"/>
        <line num="92" count="3" type="stmt"/>
        <line num="97" count="3" type="stmt"/>
        <line num="98" count="3" type="stmt"/>
        <line num="99" count="3" type="stmt"/>
        <line num="104" count="5" type="stmt"/>
        <line num="105" count="5" type="stmt"/>
        <line num="107" count="5" type="cond" truecount="2" falsecount="0"/>
        <line num="109" count="3" type="stmt"/>
        <line num="110" count="3" type="stmt"/>
        <line num="112" count="3" type="stmt"/>
      </file>
      <file name="quote.ts" path="/Users/hb/Projekte/solana/mobile/one-tap-dapp/app/jupiter/quote.ts">
        <metrics statements="71" coveredstatements="35" conditionals="45" coveredconditionals="17" methods="6" coveredmethods="3"/>
        <line num="66" count="0" type="cond" truecount="0" falsecount="5"/>
        <line num="68" count="0" type="stmt"/>
        <line num="70" count="0" type="stmt"/>
        <line num="72" count="0" type="stmt"/>
        <line num="74" count="0" type="stmt"/>
        <line num="76" count="0" type="stmt"/>
        <line num="89" count="21" type="stmt"/>
        <line num="106" count="0" type="cond" truecount="0" falsecount="2"/>
        <line num="109" count="0" type="stmt"/>
        <line num="116" count="0" type="cond" truecount="0" falsecount="2"/>
        <line num="118" count="0" type="cond" truecount="0" falsecount="4"/>
        <line num="122" count="0" type="stmt"/>
        <line num="124" count="0" type="stmt"/>
        <line num="125" count="0" type="stmt"/>
        <line num="127" count="0" type="stmt"/>
        <line num="131" count="0" type="cond" truecount="0" falsecount="2"/>
        <line num="132" count="0" type="stmt"/>
        <line num="133" count="0" type="stmt"/>
        <line num="135" count="0" type="cond" truecount="0" falsecount="2"/>
        <line num="136" count="0" type="stmt"/>
        <line num="139" count="0" type="stmt"/>
        <line num="146" count="0" type="stmt"/>
        <line num="147" count="0" type="stmt"/>
        <line num="148" count="0" type="stmt"/>
        <line num="150" count="0" type="stmt"/>
        <line num="151" count="0" type="stmt"/>
        <line num="165" count="0" type="stmt"/>
        <line num="166" count="0" type="cond" truecount="0" falsecount="2"/>
        <line num="167" count="0" type="stmt"/>
        <line num="174" count="0" type="stmt"/>
        <line num="175" count="0" type="cond" truecount="0" falsecount="2"/>
        <line num="176" count="0" type="stmt"/>
        <line num="183" count="0" type="stmt"/>
        <line num="184" count="0" type="cond" truecount="0" falsecount="2"/>
        <line num="185" count="0" type="stmt"/>
        <line num="192" count="0" type="stmt"/>
        <line num="212" count="12" type="cond" truecount="2" falsecount="0"/>
        <line num="213" count="3" type="stmt"/>
        <line num="215" count="9" type="cond" truecount="2" falsecount="0"/>
        <line num="216" count="1" type="stmt"/>
        <line num="219" count="8" type="cond" truecount="2" falsecount="0"/>
        <line num="220" count="8" type="stmt"/>
        <line num="229" count="8" type="cond" truecount="2" falsecount="0"/>
        <line num="230" count="8" type="cond" truecount="3" falsecount="1"/>
        <line num="231" count="8" type="stmt"/>
        <line num="234" count="8" type="stmt"/>
        <line num="236" count="8" type="stmt"/>
        <line num="237" count="8" type="stmt"/>
        <line num="239" count="8" type="stmt"/>
        <line num="243" count="6" type="cond" truecount="2" falsecount="0"/>
        <line num="244" count="2" type="stmt"/>
        <line num="245" count="2" type="stmt"/>
        <line num="246" count="2" type="stmt"/>
        <line num="248" count="4" type="stmt"/>
        <line num="249" count="4" type="stmt"/>
        <line num="250" count="4" type="stmt"/>
        <line num="252" count="4" type="stmt"/>
        <line num="253" count="4" type="cond" truecount="1" falsecount="1"/>
        <line num="254" count="4" type="stmt"/>
        <line num="256" count="0" type="stmt"/>
        <line num="264" count="2" type="stmt"/>
        <line num="271" count="2" type="cond" truecount="1" falsecount="1"/>
        <line num="272" count="2" type="stmt"/>
        <line num="275" count="2" type="stmt"/>
        <line num="281" count="2" type="cond" truecount="2" falsecount="0"/>
        <line num="282" count="1" type="stmt"/>
        <line num="283" count="1" type="stmt"/>
        <line num="284" count="1" type="stmt"/>
        <line num="287" count="1" type="stmt"/>
        <line num="288" count="1" type="stmt"/>
        <line num="289" count="1" type="stmt"/>
      </file>
    </package>
    <package name="storage">
      <metrics statements="62" coveredstatements="54" conditionals="22" coveredconditionals="19" methods="23" coveredmethods="19"/>
      <file name="index.ts" path="/Users/hb/Projekte/solana/mobile/one-tap-dapp/app/storage/index.ts">
        <metrics statements="62" coveredstatements="54" conditionals="22" coveredconditionals="19" methods="23" coveredmethods="19"/>
        <line num="4" count="1" type="stmt"/>
        <line num="30" count="100" type="stmt"/>
        <line num="31" count="100" type="stmt"/>
        <line num="32" count="100" type="cond" truecount="2" falsecount="0"/>
        <line num="33" count="73" type="stmt"/>
        <line num="35" count="1" type="stmt"/>
        <line num="43" count="73" type="stmt"/>
        <line num="44" count="73" type="stmt"/>
        <line num="45" count="73" type="stmt"/>
        <line num="47" count="0" type="stmt"/>
        <line num="51" count="1" type="stmt"/>
        <line num="54" count="69" type="stmt"/>
        <line num="55" count="69" type="cond" truecount="2" falsecount="0"/>
        <line num="59" count="60" type="stmt"/>
        <line num="60" count="60" type="stmt"/>
        <line num="61" count="60" type="stmt"/>
        <line num="65" count="1" type="stmt"/>
        <line num="68" count="1" type="stmt"/>
        <line num="71" count="4" type="stmt"/>
        <line num="72" count="4" type="cond" truecount="2" falsecount="0"/>
        <line num="74" count="2" type="stmt"/>
        <line num="75" count="2" type="cond" truecount="2" falsecount="0"/>
        <line num="77" count="1" type="stmt"/>
        <line num="81" count="2" type="stmt"/>
        <line num="84" count="1" type="stmt"/>
        <line num="95" count="10" type="stmt"/>
        <line num="96" count="10" type="cond" truecount="2" falsecount="0"/>
        <line num="100" count="3" type="stmt"/>
        <line num="101" count="3" type="cond" truecount="2" falsecount="0"/>
        <line num="102" count="2" type="stmt"/>
        <line num="106" count="1" type="stmt"/>
        <line num="107" count="8" type="stmt"/>
        <line num="111" count="4" type="stmt"/>
        <line num="115" count="2" type="stmt"/>
        <line num="119" count="1" type="stmt"/>
        <line num="120" count="1" type="stmt"/>
        <line num="121" count="1" type="stmt"/>
        <line num="123" count="0" type="stmt"/>
        <line num="128" count="1" type="stmt"/>
        <line num="129" count="1" type="stmt"/>
        <line num="132" count="13" type="stmt"/>
        <line num="133" count="13" type="cond" truecount="2" falsecount="0"/>
        <line num="135" count="6" type="stmt"/>
        <line num="136" count="6" type="cond" truecount="2" falsecount="0"/>
        <line num="138" count="5" type="stmt"/>
        <line num="142" count="4" type="stmt"/>
        <line num="144" count="4" type="cond" truecount="2" falsecount="0"/>
        <line num="147" count="3" type="stmt"/>
        <line num="148" count="3" type="stmt"/>
        <line num="155" count="2" type="stmt"/>
        <line num="156" count="2" type="stmt"/>
        <line num="159" count="113" type="stmt"/>
        <line num="160" count="2" type="cond" truecount="1" falsecount="1"/>
        <line num="162" count="2" type="stmt"/>
        <line num="163" count="2" type="stmt"/>
        <line num="170" count="1" type="stmt"/>
        <line num="178" count="0" type="stmt"/>
        <line num="179" count="0" type="cond" truecount="0" falsecount="2"/>
        <line num="183" count="0" type="stmt"/>
        <line num="184" count="0" type="stmt"/>
        <line num="185" count="0" type="stmt"/>
        <line num="189" count="0" type="stmt"/>
      </file>
    </package>
    <package name="types">
      <metrics statements="59" coveredstatements="53" conditionals="50" coveredconditionals="45" methods="22" coveredmethods="16"/>
      <file name="branded.ts" path="/Users/hb/Projekte/solana/mobile/one-tap-dapp/app/types/branded.ts">
        <metrics statements="59" coveredstatements="53" conditionals="50" coveredconditionals="45" methods="22" coveredmethods="16"/>
        <line num="62" count="2" type="stmt"/>
        <line num="63" count="68" type="stmt"/>
        <line num="64" count="58" type="stmt"/>
        <line num="70" count="2" type="cond" truecount="2" falsecount="0"/>
        <line num="78" count="3" type="cond" truecount="2" falsecount="0"/>
        <line num="84" count="2" type="cond" truecount="2" falsecount="0"/>
        <line num="90" count="0" type="cond" truecount="0" falsecount="2"/>
        <line num="96" count="3" type="stmt"/>
        <line num="97" count="3" type="stmt"/>
        <line num="99" count="2" type="cond" truecount="2" falsecount="0"/>
        <line num="107" count="2" type="stmt"/>
        <line num="108" count="2" type="stmt"/>
        <line num="110" count="1" type="cond" truecount="1" falsecount="1"/>
        <line num="129" count="2" type="stmt"/>
        <line num="140" count="44" type="cond" truecount="4" falsecount="0"/>
        <line num="141" count="5" type="stmt"/>
        <line num="148" count="39" type="cond" truecount="4" falsecount="0"/>
        <line num="149" count="9" type="stmt"/>
        <line num="156" count="30" type="stmt"/>
        <line num="157" count="30" type="stmt"/>
        <line num="158" count="28" type="stmt"/>
        <line num="160" count="2" type="stmt"/>
        <line num="172" count="27" type="stmt"/>
        <line num="173" count="27" type="stmt"/>
        <line num="180" count="0" type="stmt"/>
        <line num="193" count="2" type="stmt"/>
        <line num="199" count="22" type="cond" truecount="4" falsecount="0"/>
        <line num="200" count="2" type="stmt"/>
        <line num="208" count="20" type="cond" truecount="2" falsecount="0"/>
        <line num="209" count="8" type="stmt"/>
        <line num="217" count="12" type="cond" truecount="2" falsecount="0"/>
        <line num="218" count="1" type="stmt"/>
        <line num="225" count="11" type="stmt"/>
        <line num="232" count="1" type="stmt"/>
        <line num="233" count="1" type="stmt"/>
        <line num="239" count="0" type="stmt"/>
        <line num="245" count="13" type="cond" truecount="4" falsecount="0"/>
        <line num="246" count="8" type="stmt"/>
        <line num="252" count="5" type="stmt"/>
        <line num="265" count="2" type="stmt"/>
        <line num="271" count="23" type="cond" truecount="2" falsecount="0"/>
        <line num="272" count="3" type="stmt"/>
        <line num="279" count="20" type="cond" truecount="4" falsecount="0"/>
        <line num="280" count="6" type="stmt"/>
        <line num="287" count="14" type="stmt"/>
        <line num="294" count="4" type="stmt"/>
        <line num="295" count="4" type="stmt"/>
        <line num="301" count="0" type="stmt"/>
        <line num="316" count="2" type="stmt"/>
        <line num="321" count="7" type="cond" truecount="4" falsecount="0"/>
        <line num="322" count="1" type="stmt"/>
        <line num="330" count="6" type="cond" truecount="2" falsecount="0"/>
        <line num="331" count="3" type="stmt"/>
        <line num="339" count="3" type="cond" truecount="2" falsecount="0"/>
        <line num="340" count="2" type="stmt"/>
        <line num="347" count="1" type="stmt"/>
        <line num="353" count="0" type="stmt"/>
        <line num="367" count="1" type="cond" truecount="2" falsecount="0"/>
        <line num="379" count="0" type="cond" truecount="0" falsecount="2"/>
      </file>
    </package>
  </project>
</coverage>
