{"/Users/hb/Projekte/solana/mobile/one-tap-dapp/app/jupiter/campaigns.ts": {"path":"/Users/hb/Projekte/solana/mobile/one-tap-dapp/app/jupiter/campaigns.ts","statementMap":{"0":{"start":{"line":53,"column":38},"end":{"line":69,"column":10}},"1":{"start":{"line":72,"column":41},"end":{"line":79,"column":1}},"2":{"start":{"line":83,"column":24},"end":{"line":83,"column":104}},"3":{"start":{"line":86,"column":39},"end":{"line":111,"column":1}},"4":{"start":{"line":114,"column":38},"end":{"line":144,"column":1}},"5":{"start":{"line":156,"column":49},"end":{"line":180,"column":1}},"6":{"start":{"line":185,"column":47},"end":{"line":209,"column":1}},"7":{"start":{"line":214,"column":49},"end":{"line":236,"column":1}},"8":{"start":{"line":241,"column":49},"end":{"line":265,"column":1}},"9":{"start":{"line":270,"column":47},"end":{"line":293,"column":1}},"10":{"start":{"line":296,"column":51},"end":{"line":302,"column":10}},"11":{"start":{"line":305,"column":50},"end":{"line":308,"column":10}},"12":{"start":{"line":312,"column":14},"end":{"line":312,"column":24}},"13":{"start":{"line":314,"column":2},"end":{"line":316,"column":3}},"14":{"start":{"line":315,"column":4},"end":{"line":315,"column":22}},"15":{"start":{"line":318,"column":2},"end":{"line":320,"column":3}},"16":{"start":{"line":319,"column":4},"end":{"line":319,"column":19}},"17":{"start":{"line":322,"column":2},"end":{"line":322,"column":18}},"18":{"start":{"line":327,"column":17},"end":{"line":327,"column":75}},"19":{"start":{"line":327,"column":41},"end":{"line":327,"column":74}},"20":{"start":{"line":328,"column":2},"end":{"line":328,"column":24}},"21":{"start":{"line":338,"column":2},"end":{"line":338,"column":37}},"22":{"start":{"line":338,"column":25},"end":{"line":338,"column":37}},"23":{"start":{"line":340,"column":14},"end":{"line":340,"column":24}},"24":{"start":{"line":341,"column":16},"end":{"line":341,"column":58}},"25":{"start":{"line":343,"column":2},"end":{"line":345,"column":3}},"26":{"start":{"line":344,"column":4},"end":{"line":344,"column":55}},"27":{"start":{"line":347,"column":15},"end":{"line":347,"column":56}},"28":{"start":{"line":348,"column":16},"end":{"line":348,"column":78}},"29":{"start":{"line":349,"column":18},"end":{"line":349,"column":70}},"30":{"start":{"line":351,"column":2},"end":{"line":351,"column":41}},"31":{"start":{"line":356,"column":20},"end":{"line":356,"column":54}},"32":{"start":{"line":358,"column":2},"end":{"line":358,"column":35}},"33":{"start":{"line":358,"column":18},"end":{"line":358,"column":35}},"34":{"start":{"line":359,"column":2},"end":{"line":359,"column":44}},"35":{"start":{"line":359,"column":29},"end":{"line":359,"column":44}},"36":{"start":{"line":361,"column":2},"end":{"line":363,"column":3}},"37":{"start":{"line":362,"column":4},"end":{"line":362,"column":62}},"38":{"start":{"line":364,"column":2},"end":{"line":366,"column":3}},"39":{"start":{"line":365,"column":4},"end":{"line":365,"column":65}},"40":{"start":{"line":367,"column":2},"end":{"line":367,"column":43}},"41":{"start":{"line":372,"column":16},"end":{"line":372,"column":30}},"42":{"start":{"line":374,"column":2},"end":{"line":378,"column":3}},"43":{"start":{"line":374,"column":15},"end":{"line":374,"column":31}},"44":{"start":{"line":375,"column":4},"end":{"line":377,"column":5}},"45":{"start":{"line":376,"column":6},"end":{"line":376,"column":22}},"46":{"start":{"line":380,"column":2},"end":{"line":380,"column":18}},"47":{"start":{"line":385,"column":22},"end":{"line":385,"column":64}},"48":{"start":{"line":386,"column":23},"end":{"line":386,"column":83}},"49":{"start":{"line":386,"column":53},"end":{"line":386,"column":82}},"50":{"start":{"line":388,"column":2},"end":{"line":390,"column":3}},"51":{"start":{"line":389,"column":4},"end":{"line":389,"column":44}},"52":{"start":{"line":392,"column":2},"end":{"line":392,"column":14}},"53":{"start":{"line":400,"column":2},"end":{"line":405,"column":8}},"54":{"start":{"line":401,"column":4},"end":{"line":403,"column":5}},"55":{"start":{"line":402,"column":6},"end":{"line":402,"column":36}},"56":{"start":{"line":404,"column":4},"end":{"line":404,"column":17}},"57":{"start":{"line":414,"column":15},"end":{"line":414,"column":57}},"58":{"start":{"line":415,"column":25},"end":{"line":415,"column":61}},"59":{"start":{"line":417,"column":2},"end":{"line":417,"column":51}}},"fnMap":{"0":{"name":"getCampaignStatus","decl":{"start":{"line":311,"column":16},"end":{"line":311,"column":33}},"loc":{"start":{"line":311,"column":70},"end":{"line":323,"column":1}},"line":311},"1":{"name":"getActiveCampaign","decl":{"start":{"line":326,"column":16},"end":{"line":326,"column":33}},"loc":{"start":{"line":326,"column":53},"end":{"line":329,"column":1}},"line":326},"2":{"name":"(anonymous_2)","decl":{"start":{"line":327,"column":36},"end":{"line":327,"column":37}},"loc":{"start":{"line":327,"column":41},"end":{"line":327,"column":74}},"line":327},"3":{"name":"getCampaignTimeRemaining","decl":{"start":{"line":332,"column":16},"end":{"line":332,"column":40}},"loc":{"start":{"line":337,"column":9},"end":{"line":352,"column":1}},"line":337},"4":{"name":"formatTimeRemaining","decl":{"start":{"line":355,"column":16},"end":{"line":355,"column":35}},"loc":{"start":{"line":355,"column":64},"end":{"line":368,"column":1}},"line":355},"5":{"name":"getCampaignFeeTier","decl":{"start":{"line":371,"column":16},"end":{"line":371,"column":34}},"loc":{"start":{"line":371,"column":86},"end":{"line":381,"column":1}},"line":371},"6":{"name":"getCampaignNextTier","decl":{"start":{"line":384,"column":16},"end":{"line":384,"column":35}},"loc":{"start":{"line":384,"column":94},"end":{"line":393,"column":1}},"line":384},"7":{"name":"(anonymous_7)","decl":{"start":{"line":386,"column":48},"end":{"line":386,"column":49}},"loc":{"start":{"line":386,"column":53},"end":{"line":386,"column":82}},"line":386},"8":{"name":"calculateBonuses","decl":{"start":{"line":396,"column":16},"end":{"line":396,"column":32}},"loc":{"start":{"line":399,"column":10},"end":{"line":406,"column":1}},"line":399},"9":{"name":"(anonymous_9)","decl":{"start":{"line":400,"column":33},"end":{"line":400,"column":34}},"loc":{"start":{"line":400,"column":51},"end":{"line":405,"column":3}},"line":400},"10":{"name":"getCampaignEffectiveFee","decl":{"start":{"line":409,"column":16},"end":{"line":409,"column":39}},"loc":{"start":{"line":413,"column":10},"end":{"line":418,"column":1}},"line":413}},"branchMap":{"0":{"loc":{"start":{"line":83,"column":24},"end":{"line":83,"column":104}},"type":"binary-expr","locations":[{"start":{"line":83,"column":24},"end":{"line":83,"column":56}},{"start":{"line":83,"column":60},"end":{"line":83,"column":104}}],"line":83},"1":{"loc":{"start":{"line":119,"column":13},"end":{"line":119,"column":95}},"type":"binary-expr","locations":[{"start":{"line":119,"column":13},"end":{"line":119,"column":45}},{"start":{"line":119,"column":49},"end":{"line":119,"column":95}}],"line":119},"2":{"loc":{"start":{"line":314,"column":2},"end":{"line":316,"column":3}},"type":"if","locations":[{"start":{"line":314,"column":2},"end":{"line":316,"column":3}},{"start":{},"end":{}}],"line":314},"3":{"loc":{"start":{"line":318,"column":2},"end":{"line":320,"column":3}},"type":"if","locations":[{"start":{"line":318,"column":2},"end":{"line":320,"column":3}},{"start":{},"end":{}}],"line":318},"4":{"loc":{"start":{"line":318,"column":6},"end":{"line":318,"column":48}},"type":"binary-expr","locations":[{"start":{"line":318,"column":6},"end":{"line":318,"column":22}},{"start":{"line":318,"column":26},"end":{"line":318,"column":48}}],"line":318},"5":{"loc":{"start":{"line":328,"column":9},"end":{"line":328,"column":23}},"type":"binary-expr","locations":[{"start":{"line":328,"column":9},"end":{"line":328,"column":15}},{"start":{"line":328,"column":19},"end":{"line":328,"column":23}}],"line":328},"6":{"loc":{"start":{"line":338,"column":2},"end":{"line":338,"column":37}},"type":"if","locations":[{"start":{"line":338,"column":2},"end":{"line":338,"column":37}},{"start":{},"end":{}}],"line":338},"7":{"loc":{"start":{"line":343,"column":2},"end":{"line":345,"column":3}},"type":"if","locations":[{"start":{"line":343,"column":2},"end":{"line":345,"column":3}},{"start":{},"end":{}}],"line":343},"8":{"loc":{"start":{"line":358,"column":2},"end":{"line":358,"column":35}},"type":"if","locations":[{"start":{"line":358,"column":2},"end":{"line":358,"column":35}},{"start":{},"end":{}}],"line":358},"9":{"loc":{"start":{"line":359,"column":2},"end":{"line":359,"column":44}},"type":"if","locations":[{"start":{"line":359,"column":2},"end":{"line":359,"column":44}},{"start":{},"end":{}}],"line":359},"10":{"loc":{"start":{"line":361,"column":2},"end":{"line":363,"column":3}},"type":"if","locations":[{"start":{"line":361,"column":2},"end":{"line":363,"column":3}},{"start":{},"end":{}}],"line":361},"11":{"loc":{"start":{"line":364,"column":2},"end":{"line":366,"column":3}},"type":"if","locations":[{"start":{"line":364,"column":2},"end":{"line":366,"column":3}},{"start":{},"end":{}}],"line":364},"12":{"loc":{"start":{"line":375,"column":4},"end":{"line":377,"column":5}},"type":"if","locations":[{"start":{"line":375,"column":4},"end":{"line":377,"column":5}},{"start":{},"end":{}}],"line":375},"13":{"loc":{"start":{"line":388,"column":2},"end":{"line":390,"column":3}},"type":"if","locations":[{"start":{"line":388,"column":2},"end":{"line":390,"column":3}},{"start":{},"end":{}}],"line":388},"14":{"loc":{"start":{"line":401,"column":4},"end":{"line":403,"column":5}},"type":"if","locations":[{"start":{"line":401,"column":4},"end":{"line":403,"column":5}},{"start":{},"end":{}}],"line":401}},"s":{"0":3,"1":3,"2":3,"3":3,"4":3,"5":3,"6":3,"7":3,"8":3,"9":3,"10":3,"11":3,"12":11,"13":11,"14":2,"15":9,"16":2,"17":7,"18":3,"19":3,"20":3,"21":14,"22":4,"23":10,"24":10,"25":10,"26":4,"27":6,"28":6,"29":6,"30":6,"31":8,"32":8,"33":2,"34":6,"35":2,"36":4,"37":2,"38":2,"39":1,"40":1,"41":76,"42":76,"43":76,"44":663,"45":70,"46":6,"47":21,"48":21,"49":174,"50":21,"51":12,"52":9,"53":15,"54":17,"55":13,"56":4,"57":8,"58":8,"59":8},"f":{"0":11,"1":3,"2":3,"3":14,"4":8,"5":76,"6":21,"7":174,"8":15,"9":17,"10":8},"b":{"0":[3,3],"1":[3,3],"2":[2,9],"3":[2,7],"4":[9,3],"5":[3,0],"6":[4,10],"7":[4,6],"8":[2,6],"9":[2,4],"10":[2,2],"11":[1,1],"12":[70,593],"13":[12,9],"14":[13,4]},"_coverageSchema":"1a1c01bbd47fc00a2c39e90264f33305004495a9","hash":"ac36019eea11c78d9a8765476d960cee8cceea0c"}
,"/Users/hb/Projekte/solana/mobile/one-tap-dapp/app/jupiter/config.ts": {"path":"/Users/hb/Projekte/solana/mobile/one-tap-dapp/app/jupiter/config.ts","statementMap":{"0":{"start":{"line":7,"column":2},"end":{"line":7,"column":83}},"1":{"start":{"line":9,"column":32},"end":{"line":9,"column":52}},"2":{"start":{"line":13,"column":27},"end":{"line":13,"column":70}},"3":{"start":{"line":14,"column":32},"end":{"line":14,"column":34}},"4":{"start":{"line":17,"column":2},"end":{"line":21,"column":4}},"5":{"start":{"line":26,"column":2},"end":{"line":28,"column":3}},"6":{"start":{"line":27,"column":4},"end":{"line":27,"column":38}}},"fnMap":{"0":{"name":"getJupiterHeaders","decl":{"start":{"line":16,"column":16},"end":{"line":16,"column":33}},"loc":{"start":{"line":16,"column":60},"end":{"line":22,"column":1}},"line":16},"1":{"name":"jupiterLog","decl":{"start":{"line":25,"column":16},"end":{"line":25,"column":26}},"loc":{"start":{"line":25,"column":53},"end":{"line":29,"column":1}},"line":25}},"branchMap":{"0":{"loc":{"start":{"line":7,"column":2},"end":{"line":7,"column":83}},"type":"binary-expr","locations":[{"start":{"line":7,"column":2},"end":{"line":7,"column":41}},{"start":{"line":7,"column":45},"end":{"line":7,"column":83}}],"line":7},"1":{"loc":{"start":{"line":13,"column":27},"end":{"line":13,"column":70}},"type":"binary-expr","locations":[{"start":{"line":13,"column":27},"end":{"line":13,"column":62}},{"start":{"line":13,"column":66},"end":{"line":13,"column":70}}],"line":13},"2":{"loc":{"start":{"line":26,"column":2},"end":{"line":28,"column":3}},"type":"if","locations":[{"start":{"line":26,"column":2},"end":{"line":28,"column":3}},{"start":{},"end":{}}],"line":26}},"s":{"0":1,"1":1,"2":1,"3":1,"4":10,"5":19,"6":19},"f":{"0":10,"1":19},"b":{"0":[1,1],"1":[1,1],"2":[19,0]},"_coverageSchema":"1a1c01bbd47fc00a2c39e90264f33305004495a9","hash":"dd80179dc0befc1e4fb74af178602507b9d3bf33"}
,"/Users/hb/Projekte/solana/mobile/one-tap-dapp/app/jupiter/fees.ts": {"path":"/Users/hb/Projekte/solana/mobile/one-tap-dapp/app/jupiter/fees.ts","statementMap":{"0":{"start":{"line":25,"column":41},"end":{"line":25,"column":76}},"1":{"start":{"line":29,"column":24},"end":{"line":29,"column":49}},"2":{"start":{"line":34,"column":41},"end":{"line":34,"column":87}},"3":{"start":{"line":35,"column":32},"end":{"line":35,"column":116}},"4":{"start":{"line":39,"column":36},"end":{"line":41,"column":16}},"5":{"start":{"line":40,"column":7},"end":{"line":40,"column":28}},"6":{"start":{"line":53,"column":45},"end":{"line":53,"column":66}},"7":{"start":{"line":57,"column":2},"end":{"line":57,"column":59}},"8":{"start":{"line":63,"column":2},"end":{"line":65,"column":3}},"9":{"start":{"line":64,"column":4},"end":{"line":64,"column":55}},"10":{"start":{"line":66,"column":2},"end":{"line":66,"column":17}},"11":{"start":{"line":74,"column":2},"end":{"line":74,"column":78}},"12":{"start":{"line":79,"column":2},"end":{"line":79,"column":60}},"13":{"start":{"line":84,"column":19},"end":{"line":84,"column":44}},"14":{"start":{"line":85,"column":2},"end":{"line":85,"column":26}},"15":{"start":{"line":85,"column":17},"end":{"line":85,"column":26}},"16":{"start":{"line":86,"column":2},"end":{"line":86,"column":53}},"17":{"start":{"line":91,"column":2},"end":{"line":91,"column":34}},"18":{"start":{"line":91,"column":20},"end":{"line":91,"column":34}},"19":{"start":{"line":92,"column":2},"end":{"line":92,"column":41}},"20":{"start":{"line":97,"column":18},"end":{"line":97,"column":60}},"21":{"start":{"line":98,"column":20},"end":{"line":98,"column":49}},"22":{"start":{"line":99,"column":2},"end":{"line":99,"column":29}},"23":{"start":{"line":104,"column":22},"end":{"line":104,"column":44}},"24":{"start":{"line":105,"column":19},"end":{"line":105,"column":42}},"25":{"start":{"line":107,"column":2},"end":{"line":107,"column":28}},"26":{"start":{"line":107,"column":17},"end":{"line":107,"column":28}},"27":{"start":{"line":109,"column":20},"end":{"line":109,"column":56}},"28":{"start":{"line":110,"column":23},"end":{"line":110,"column":54}},"29":{"start":{"line":112,"column":2},"end":{"line":112,"column":57}}},"fnMap":{"0":{"name":"(anonymous_0)","decl":{"start":{"line":40,"column":2},"end":{"line":40,"column":3}},"loc":{"start":{"line":40,"column":7},"end":{"line":40,"column":28}},"line":40},"1":{"name":"getFeeTier","decl":{"start":{"line":56,"column":16},"end":{"line":56,"column":26}},"loc":{"start":{"line":56,"column":58},"end":{"line":58,"column":1}},"line":56},"2":{"name":"getEffectiveFee","decl":{"start":{"line":61,"column":16},"end":{"line":61,"column":31}},"loc":{"start":{"line":61,"column":80},"end":{"line":67,"column":1}},"line":61},"3":{"name":"getEffectiveFeeWithBonuses","decl":{"start":{"line":70,"column":16},"end":{"line":70,"column":42}},"loc":{"start":{"line":73,"column":10},"end":{"line":75,"column":1}},"line":73},"4":{"name":"getNextTier","decl":{"start":{"line":78,"column":16},"end":{"line":78,"column":27}},"loc":{"start":{"line":78,"column":66},"end":{"line":80,"column":1}},"line":78},"5":{"name":"getSkrToNextTier","decl":{"start":{"line":83,"column":16},"end":{"line":83,"column":32}},"loc":{"start":{"line":83,"column":63},"end":{"line":87,"column":1}},"line":83},"6":{"name":"formatFee","decl":{"start":{"line":90,"column":16},"end":{"line":90,"column":25}},"loc":{"start":{"line":90,"column":50},"end":{"line":93,"column":1}},"line":90},"7":{"name":"calculateSavings","decl":{"start":{"line":96,"column":16},"end":{"line":96,"column":32}},"loc":{"start":{"line":96,"column":77},"end":{"line":100,"column":1}},"line":96},"8":{"name":"getTierProgress","decl":{"start":{"line":103,"column":16},"end":{"line":103,"column":31}},"loc":{"start":{"line":103,"column":60},"end":{"line":113,"column":1}},"line":103}},"branchMap":{"0":{"loc":{"start":{"line":25,"column":41},"end":{"line":25,"column":76}},"type":"binary-expr","locations":[{"start":{"line":25,"column":41},"end":{"line":25,"column":60}},{"start":{"line":25,"column":64},"end":{"line":25,"column":76}}],"line":25},"1":{"loc":{"start":{"line":35,"column":32},"end":{"line":35,"column":116}},"type":"binary-expr","locations":[{"start":{"line":35,"column":32},"end":{"line":35,"column":66}},{"start":{"line":35,"column":70},"end":{"line":35,"column":116}}],"line":35},"2":{"loc":{"start":{"line":39,"column":36},"end":{"line":41,"column":16}},"type":"binary-expr","locations":[{"start":{"line":39,"column":36},"end":{"line":41,"column":11}},{"start":{"line":41,"column":15},"end":{"line":41,"column":16}}],"line":39},"3":{"loc":{"start":{"line":63,"column":2},"end":{"line":65,"column":3}},"type":"if","locations":[{"start":{"line":63,"column":2},"end":{"line":65,"column":3}},{"start":{},"end":{}}],"line":63},"4":{"loc":{"start":{"line":85,"column":2},"end":{"line":85,"column":26}},"type":"if","locations":[{"start":{"line":85,"column":2},"end":{"line":85,"column":26}},{"start":{},"end":{}}],"line":85},"5":{"loc":{"start":{"line":91,"column":2},"end":{"line":91,"column":34}},"type":"if","locations":[{"start":{"line":91,"column":2},"end":{"line":91,"column":34}},{"start":{},"end":{}}],"line":91},"6":{"loc":{"start":{"line":107,"column":2},"end":{"line":107,"column":28}},"type":"if","locations":[{"start":{"line":107,"column":2},"end":{"line":107,"column":28}},{"start":{},"end":{}}],"line":107}},"s":{"0":1,"1":1,"2":1,"3":1,"4":1,"5":1,"6":1,"7":31,"8":9,"9":6,"10":3,"11":0,"12":15,"13":5,"14":5,"15":2,"16":3,"17":4,"18":1,"19":3,"20":3,"21":3,"22":3,"23":5,"24":5,"25":5,"26":2,"27":3,"28":3,"29":3},"f":{"0":1,"1":31,"2":9,"3":0,"4":15,"5":5,"6":4,"7":3,"8":5},"b":{"0":[1,0],"1":[1,1],"2":[1,0],"3":[6,3],"4":[2,3],"5":[1,3],"6":[2,3]},"_coverageSchema":"1a1c01bbd47fc00a2c39e90264f33305004495a9","hash":"e5bd5b1e7490babdd49df5a775dcd8f6fea92c13"}
,"/Users/hb/Projekte/solana/mobile/one-tap-dapp/app/jupiter/quote.ts": {"path":"/Users/hb/Projekte/solana/mobile/one-tap-dapp/app/jupiter/quote.ts","statementMap":{"0":{"start":{"line":66,"column":2},"end":{"line":77,"column":3}},"1":{"start":{"line":68,"column":6},"end":{"line":68,"column":61}},"2":{"start":{"line":70,"column":6},"end":{"line":70,"column":51}},"3":{"start":{"line":72,"column":6},"end":{"line":72,"column":47}},"4":{"start":{"line":74,"column":6},"end":{"line":74,"column":47}},"5":{"start":{"line":76,"column":6},"end":{"line":76,"column":52}},"6":{"start":{"line":89,"column":2},"end":{"line":89,"column":38}},"7":{"start":{"line":106,"column":19},"end":{"line":106,"column":43}},"8":{"start":{"line":109,"column":21},"end":{"line":114,"column":3}},"9":{"start":{"line":116,"column":17},"end":{"line":116,"column":58}},"10":{"start":{"line":118,"column":4},"end":{"line":120,"column":18}},"11":{"start":{"line":122,"column":14},"end":{"line":122,"column":74}},"12":{"start":{"line":124,"column":2},"end":{"line":155,"column":3}},"13":{"start":{"line":125,"column":4},"end":{"line":125,"column":39}},"14":{"start":{"line":127,"column":16},"end":{"line":129,"column":6}},"15":{"start":{"line":131,"column":4},"end":{"line":144,"column":5}},"16":{"start":{"line":132,"column":19},"end":{"line":132,"column":35}},"17":{"start":{"line":133,"column":6},"end":{"line":133,"column":51}},"18":{"start":{"line":135,"column":6},"end":{"line":137,"column":7}},"19":{"start":{"line":136,"column":8},"end":{"line":136,"column":52}},"20":{"start":{"line":139,"column":6},"end":{"line":143,"column":9}},"21":{"start":{"line":146,"column":17},"end":{"line":146,"column":33}},"22":{"start":{"line":147,"column":4},"end":{"line":147,"column":49}},"23":{"start":{"line":148,"column":4},"end":{"line":148,"column":27}},"24":{"start":{"line":150,"column":4},"end":{"line":150,"column":40}},"25":{"start":{"line":151,"column":4},"end":{"line":154,"column":7}},"26":{"start":{"line":165,"column":26},"end":{"line":165,"column":61}},"27":{"start":{"line":166,"column":2},"end":{"line":172,"column":3}},"28":{"start":{"line":167,"column":4},"end":{"line":171,"column":7}},"29":{"start":{"line":174,"column":27},"end":{"line":174,"column":63}},"30":{"start":{"line":175,"column":2},"end":{"line":181,"column":3}},"31":{"start":{"line":176,"column":4},"end":{"line":180,"column":7}},"32":{"start":{"line":183,"column":23},"end":{"line":183,"column":50}},"33":{"start":{"line":184,"column":2},"end":{"line":190,"column":3}},"34":{"start":{"line":185,"column":4},"end":{"line":189,"column":7}},"35":{"start":{"line":192,"column":2},"end":{"line":198,"column":5}},"36":{"start":{"line":212,"column":2},"end":{"line":214,"column":3}},"37":{"start":{"line":213,"column":4},"end":{"line":213,"column":71}},"38":{"start":{"line":215,"column":2},"end":{"line":217,"column":3}},"39":{"start":{"line":216,"column":4},"end":{"line":216,"column":73}},"40":{"start":{"line":219,"column":19},"end":{"line":219,"column":43}},"41":{"start":{"line":220,"column":22},"end":{"line":225,"column":3}},"42":{"start":{"line":229,"column":17},"end":{"line":229,"column":58}},"43":{"start":{"line":230,"column":2},"end":{"line":232,"column":3}},"44":{"start":{"line":231,"column":4},"end":{"line":231,"column":49}},"45":{"start":{"line":234,"column":14},"end":{"line":234,"column":74}},"46":{"start":{"line":236,"column":2},"end":{"line":257,"column":3}},"47":{"start":{"line":237,"column":4},"end":{"line":237,"column":39}},"48":{"start":{"line":239,"column":16},"end":{"line":241,"column":6}},"49":{"start":{"line":243,"column":4},"end":{"line":247,"column":5}},"50":{"start":{"line":244,"column":19},"end":{"line":244,"column":35}},"51":{"start":{"line":245,"column":6},"end":{"line":245,"column":51}},"52":{"start":{"line":246,"column":6},"end":{"line":246,"column":63}},"53":{"start":{"line":248,"column":17},"end":{"line":248,"column":33}},"54":{"start":{"line":249,"column":4},"end":{"line":249,"column":49}},"55":{"start":{"line":250,"column":4},"end":{"line":250,"column":16}},"56":{"start":{"line":252,"column":4},"end":{"line":252,"column":40}},"57":{"start":{"line":253,"column":4},"end":{"line":255,"column":5}},"58":{"start":{"line":254,"column":6},"end":{"line":254,"column":61}},"59":{"start":{"line":256,"column":4},"end":{"line":256,"column":16}},"60":{"start":{"line":264,"column":40},"end":{"line":268,"column":3}},"61":{"start":{"line":271,"column":2},"end":{"line":273,"column":3}},"62":{"start":{"line":272,"column":4},"end":{"line":272,"column":34}},"63":{"start":{"line":275,"column":14},"end":{"line":279,"column":4}},"64":{"start":{"line":281,"column":2},"end":{"line":285,"column":3}},"65":{"start":{"line":282,"column":17},"end":{"line":282,"column":33}},"66":{"start":{"line":283,"column":4},"end":{"line":283,"column":48}},"67":{"start":{"line":284,"column":4},"end":{"line":284,"column":50}},"68":{"start":{"line":287,"column":30},"end":{"line":287,"column":46}},"69":{"start":{"line":288,"column":19},"end":{"line":288,"column":57}},"70":{"start":{"line":289,"column":2},"end":{"line":289,"column":52}}},"fnMap":{"0":{"name":"formatJupiterError","decl":{"start":{"line":65,"column":16},"end":{"line":65,"column":34}},"loc":{"start":{"line":65,"column":64},"end":{"line":78,"column":1}},"line":65},"1":{"name":"isValidMintAddress","decl":{"start":{"line":88,"column":16},"end":{"line":88,"column":34}},"loc":{"start":{"line":88,"column":61},"end":{"line":90,"column":1}},"line":88},"2":{"name":"getQuoteSafe","decl":{"start":{"line":103,"column":22},"end":{"line":103,"column":34}},"loc":{"start":{"line":105,"column":48},"end":{"line":156,"column":1}},"line":105},"3":{"name":"validateSwapParams","decl":{"start":{"line":162,"column":16},"end":{"line":162,"column":34}},"loc":{"start":{"line":164,"column":41},"end":{"line":199,"column":1}},"line":164},"4":{"name":"getQuote","decl":{"start":{"line":210,"column":22},"end":{"line":210,"column":30}},"loc":{"start":{"line":210,"column":75},"end":{"line":258,"column":1}},"line":210},"5":{"name":"getSwapTransaction","decl":{"start":{"line":260,"column":22},"end":{"line":260,"column":40}},"loc":{"start":{"line":263,"column":33},"end":{"line":290,"column":1}},"line":263}},"branchMap":{"0":{"loc":{"start":{"line":66,"column":2},"end":{"line":77,"column":3}},"type":"switch","locations":[{"start":{"line":67,"column":4},"end":{"line":68,"column":61}},{"start":{"line":69,"column":4},"end":{"line":70,"column":51}},{"start":{"line":71,"column":4},"end":{"line":72,"column":47}},{"start":{"line":73,"column":4},"end":{"line":74,"column":47}},{"start":{"line":75,"column":4},"end":{"line":76,"column":52}}],"line":66},"1":{"loc":{"start":{"line":106,"column":19},"end":{"line":106,"column":43}},"type":"binary-expr","locations":[{"start":{"line":106,"column":19},"end":{"line":106,"column":37}},{"start":{"line":106,"column":41},"end":{"line":106,"column":43}}],"line":106},"2":{"loc":{"start":{"line":116,"column":17},"end":{"line":116,"column":58}},"type":"binary-expr","locations":[{"start":{"line":116,"column":17},"end":{"line":116,"column":38}},{"start":{"line":116,"column":42},"end":{"line":116,"column":58}}],"line":116},"3":{"loc":{"start":{"line":118,"column":4},"end":{"line":120,"column":18}},"type":"cond-expr","locations":[{"start":{"line":119,"column":8},"end":{"line":119,"column":51}},{"start":{"line":120,"column":8},"end":{"line":120,"column":18}}],"line":118},"4":{"loc":{"start":{"line":118,"column":4},"end":{"line":118,"column":29}},"type":"binary-expr","locations":[{"start":{"line":118,"column":4},"end":{"line":118,"column":15}},{"start":{"line":118,"column":19},"end":{"line":118,"column":29}}],"line":118},"5":{"loc":{"start":{"line":131,"column":4},"end":{"line":144,"column":5}},"type":"if","locations":[{"start":{"line":131,"column":4},"end":{"line":144,"column":5}},{"start":{},"end":{}}],"line":131},"6":{"loc":{"start":{"line":135,"column":6},"end":{"line":137,"column":7}},"type":"if","locations":[{"start":{"line":135,"column":6},"end":{"line":137,"column":7}},{"start":{},"end":{}}],"line":135},"7":{"loc":{"start":{"line":153,"column":15},"end":{"line":153,"column":79}},"type":"cond-expr","locations":[{"start":{"line":153,"column":40},"end":{"line":153,"column":53}},{"start":{"line":153,"column":56},"end":{"line":153,"column":79}}],"line":153},"8":{"loc":{"start":{"line":166,"column":2},"end":{"line":172,"column":3}},"type":"if","locations":[{"start":{"line":166,"column":2},"end":{"line":172,"column":3}},{"start":{},"end":{}}],"line":166},"9":{"loc":{"start":{"line":175,"column":2},"end":{"line":181,"column":3}},"type":"if","locations":[{"start":{"line":175,"column":2},"end":{"line":181,"column":3}},{"start":{},"end":{}}],"line":175},"10":{"loc":{"start":{"line":184,"column":2},"end":{"line":190,"column":3}},"type":"if","locations":[{"start":{"line":184,"column":2},"end":{"line":190,"column":3}},{"start":{},"end":{}}],"line":184},"11":{"loc":{"start":{"line":212,"column":2},"end":{"line":214,"column":3}},"type":"if","locations":[{"start":{"line":212,"column":2},"end":{"line":214,"column":3}},{"start":{},"end":{}}],"line":212},"12":{"loc":{"start":{"line":215,"column":2},"end":{"line":217,"column":3}},"type":"if","locations":[{"start":{"line":215,"column":2},"end":{"line":217,"column":3}},{"start":{},"end":{}}],"line":215},"13":{"loc":{"start":{"line":219,"column":19},"end":{"line":219,"column":43}},"type":"binary-expr","locations":[{"start":{"line":219,"column":19},"end":{"line":219,"column":37}},{"start":{"line":219,"column":41},"end":{"line":219,"column":43}}],"line":219},"14":{"loc":{"start":{"line":229,"column":17},"end":{"line":229,"column":58}},"type":"binary-expr","locations":[{"start":{"line":229,"column":17},"end":{"line":229,"column":38}},{"start":{"line":229,"column":42},"end":{"line":229,"column":58}}],"line":229},"15":{"loc":{"start":{"line":230,"column":2},"end":{"line":232,"column":3}},"type":"if","locations":[{"start":{"line":230,"column":2},"end":{"line":232,"column":3}},{"start":{},"end":{}}],"line":230},"16":{"loc":{"start":{"line":230,"column":6},"end":{"line":230,"column":31}},"type":"binary-expr","locations":[{"start":{"line":230,"column":6},"end":{"line":230,"column":17}},{"start":{"line":230,"column":21},"end":{"line":230,"column":31}}],"line":230},"17":{"loc":{"start":{"line":243,"column":4},"end":{"line":247,"column":5}},"type":"if","locations":[{"start":{"line":243,"column":4},"end":{"line":247,"column":5}},{"start":{},"end":{}}],"line":243},"18":{"loc":{"start":{"line":253,"column":4},"end":{"line":255,"column":5}},"type":"if","locations":[{"start":{"line":253,"column":4},"end":{"line":255,"column":5}},{"start":{},"end":{}}],"line":253},"19":{"loc":{"start":{"line":271,"column":2},"end":{"line":273,"column":3}},"type":"if","locations":[{"start":{"line":271,"column":2},"end":{"line":273,"column":3}},{"start":{},"end":{}}],"line":271},"20":{"loc":{"start":{"line":281,"column":2},"end":{"line":285,"column":3}},"type":"if","locations":[{"start":{"line":281,"column":2},"end":{"line":285,"column":3}},{"start":{},"end":{}}],"line":281}},"s":{"0":0,"1":0,"2":0,"3":0,"4":0,"5":0,"6":21,"7":0,"8":0,"9":0,"10":0,"11":0,"12":0,"13":0,"14":0,"15":0,"16":0,"17":0,"18":0,"19":0,"20":0,"21":0,"22":0,"23":0,"24":0,"25":0,"26":0,"27":0,"28":0,"29":0,"30":0,"31":0,"32":0,"33":0,"34":0,"35":0,"36":12,"37":3,"38":9,"39":1,"40":8,"41":8,"42":8,"43":8,"44":8,"45":8,"46":8,"47":8,"48":8,"49":6,"50":2,"51":2,"52":2,"53":4,"54":4,"55":4,"56":4,"57":4,"58":4,"59":0,"60":2,"61":2,"62":2,"63":2,"64":2,"65":1,"66":1,"67":1,"68":1,"69":1,"70":1},"f":{"0":0,"1":21,"2":0,"3":0,"4":12,"5":2},"b":{"0":[0,0,0,0,0],"1":[0,0],"2":[0,0],"3":[0,0],"4":[0,0],"5":[0,0],"6":[0,0],"7":[0,0],"8":[0,0],"9":[0,0],"10":[0,0],"11":[3,9],"12":[1,8],"13":[8,7],"14":[8,7],"15":[8,0],"16":[8,8],"17":[2,4],"18":[4,0],"19":[2,0],"20":[1,1]},"_coverageSchema":"1a1c01bbd47fc00a2c39e90264f33305004495a9","hash":"7fd27919a6cc071c0b102d9c8ba71a56855033e1"}
,"/Users/hb/Projekte/solana/mobile/one-tap-dapp/app/storage/index.ts": {"path":"/Users/hb/Projekte/solana/mobile/one-tap-dapp/app/storage/index.ts","statementMap":{"0":{"start":{"line":4,"column":13},"end":{"line":11,"column":10}},"1":{"start":{"line":30,"column":2},"end":{"line":36,"column":3}},"2":{"start":{"line":31,"column":18},"end":{"line":31,"column":49}},"3":{"start":{"line":32,"column":4},"end":{"line":32,"column":36}},"4":{"start":{"line":32,"column":24},"end":{"line":32,"column":36}},"5":{"start":{"line":33,"column":4},"end":{"line":33,"column":48}},"6":{"start":{"line":35,"column":4},"end":{"line":35,"column":16}},"7":{"start":{"line":43,"column":2},"end":{"line":48,"column":3}},"8":{"start":{"line":44,"column":4},"end":{"line":44,"column":59}},"9":{"start":{"line":45,"column":4},"end":{"line":45,"column":16}},"10":{"start":{"line":47,"column":4},"end":{"line":47,"column":17}},"11":{"start":{"line":51,"column":28},"end":{"line":51,"column":30}},"12":{"start":{"line":54,"column":18},"end":{"line":54,"column":50}},"13":{"start":{"line":55,"column":2},"end":{"line":55,"column":23}},"14":{"start":{"line":59,"column":18},"end":{"line":59,"column":40}},"15":{"start":{"line":60,"column":18},"end":{"line":60,"column":68}},"16":{"start":{"line":61,"column":2},"end":{"line":61,"column":45}},"17":{"start":{"line":65,"column":2},"end":{"line":65,"column":40}},"18":{"start":{"line":68,"column":27},"end":{"line":68,"column":46}},"19":{"start":{"line":71,"column":16},"end":{"line":71,"column":47}},"20":{"start":{"line":72,"column":2},"end":{"line":72,"column":26}},"21":{"start":{"line":72,"column":14},"end":{"line":72,"column":26}},"22":{"start":{"line":74,"column":20},"end":{"line":74,"column":69}},"23":{"start":{"line":75,"column":2},"end":{"line":75,"column":29}},"24":{"start":{"line":75,"column":17},"end":{"line":75,"column":29}},"25":{"start":{"line":77,"column":2},"end":{"line":77,"column":15}},"26":{"start":{"line":81,"column":2},"end":{"line":81,"column":42}},"27":{"start":{"line":84,"column":50},"end":{"line":92,"column":1}},"28":{"start":{"line":95,"column":20},"end":{"line":95,"column":55}},"29":{"start":{"line":96,"column":2},"end":{"line":96,"column":52}},"30":{"start":{"line":100,"column":16},"end":{"line":100,"column":41}},"31":{"start":{"line":101,"column":2},"end":{"line":101,"column":40}},"32":{"start":{"line":101,"column":28},"end":{"line":101,"column":40}},"33":{"start":{"line":102,"column":2},"end":{"line":102,"column":68}},"34":{"start":{"line":106,"column":16},"end":{"line":106,"column":41}},"35":{"start":{"line":107,"column":2},"end":{"line":107,"column":81}},"36":{"start":{"line":107,"column":66},"end":{"line":107,"column":76}},"37":{"start":{"line":111,"column":2},"end":{"line":111,"column":35}},"38":{"start":{"line":115,"column":2},"end":{"line":115,"column":41}},"39":{"start":{"line":119,"column":2},"end":{"line":124,"column":3}},"40":{"start":{"line":120,"column":4},"end":{"line":120,"column":52}},"41":{"start":{"line":121,"column":4},"end":{"line":121,"column":16}},"42":{"start":{"line":123,"column":4},"end":{"line":123,"column":17}},"43":{"start":{"line":128,"column":34},"end":{"line":128,"column":53}},"44":{"start":{"line":129,"column":26},"end":{"line":129,"column":29}},"45":{"start":{"line":132,"column":16},"end":{"line":132,"column":49}},"46":{"start":{"line":133,"column":2},"end":{"line":133,"column":24}},"47":{"start":{"line":133,"column":14},"end":{"line":133,"column":24}},"48":{"start":{"line":135,"column":20},"end":{"line":135,"column":76}},"49":{"start":{"line":136,"column":2},"end":{"line":136,"column":27}},"50":{"start":{"line":136,"column":17},"end":{"line":136,"column":27}},"51":{"start":{"line":138,"column":2},"end":{"line":138,"column":22}},"52":{"start":{"line":142,"column":19},"end":{"line":142,"column":42}},"53":{"start":{"line":144,"column":2},"end":{"line":144,"column":67}},"54":{"start":{"line":144,"column":25},"end":{"line":144,"column":52}},"55":{"start":{"line":144,"column":55},"end":{"line":144,"column":67}},"56":{"start":{"line":147,"column":18},"end":{"line":147,"column":66}},"57":{"start":{"line":148,"column":2},"end":{"line":151,"column":5}},"58":{"start":{"line":155,"column":19},"end":{"line":155,"column":42}},"59":{"start":{"line":156,"column":24},"end":{"line":156,"column":61}},"60":{"start":{"line":156,"column":50},"end":{"line":156,"column":59}},"61":{"start":{"line":159,"column":20},"end":{"line":159,"column":69}},"62":{"start":{"line":159,"column":39},"end":{"line":159,"column":68}},"63":{"start":{"line":160,"column":2},"end":{"line":160,"column":42}},"64":{"start":{"line":160,"column":30},"end":{"line":160,"column":42}},"65":{"start":{"line":162,"column":18},"end":{"line":162,"column":73}},"66":{"start":{"line":163,"column":2},"end":{"line":166,"column":5}},"67":{"start":{"line":170,"column":38},"end":{"line":175,"column":1}},"68":{"start":{"line":178,"column":19},"end":{"line":178,"column":51}},"69":{"start":{"line":179,"column":2},"end":{"line":179,"column":38}},"70":{"start":{"line":183,"column":18},"end":{"line":183,"column":40}},"71":{"start":{"line":184,"column":31},"end":{"line":184,"column":57}},"72":{"start":{"line":185,"column":2},"end":{"line":185,"column":45}},"73":{"start":{"line":189,"column":2},"end":{"line":189,"column":54}}},"fnMap":{"0":{"name":"getItem","decl":{"start":{"line":27,"column":15},"end":{"line":27,"column":22}},"loc":{"start":{"line":29,"column":35},"end":{"line":37,"column":1}},"line":29},"1":{"name":"setItem","decl":{"start":{"line":39,"column":15},"end":{"line":39,"column":22}},"loc":{"start":{"line":42,"column":20},"end":{"line":49,"column":1}},"line":42},"2":{"name":"getSwapHistory","decl":{"start":{"line":53,"column":22},"end":{"line":53,"column":36}},"loc":{"start":{"line":53,"column":71},"end":{"line":56,"column":1}},"line":53},"3":{"name":"addSwapRecord","decl":{"start":{"line":58,"column":22},"end":{"line":58,"column":35}},"loc":{"start":{"line":58,"column":74},"end":{"line":62,"column":1}},"line":58},"4":{"name":"clearSwapHistory","decl":{"start":{"line":64,"column":22},"end":{"line":64,"column":38}},"loc":{"start":{"line":64,"column":59},"end":{"line":66,"column":1}},"line":64},"5":{"name":"getTokenCache","decl":{"start":{"line":70,"column":22},"end":{"line":70,"column":35}},"loc":{"start":{"line":70,"column":66},"end":{"line":78,"column":1}},"line":70},"6":{"name":"setTokenCache","decl":{"start":{"line":80,"column":22},"end":{"line":80,"column":35}},"loc":{"start":{"line":80,"column":73},"end":{"line":82,"column":1}},"line":80},"7":{"name":"getFavoriteTokens","decl":{"start":{"line":94,"column":22},"end":{"line":94,"column":39}},"loc":{"start":{"line":94,"column":70},"end":{"line":97,"column":1}},"line":94},"8":{"name":"addFavoriteToken","decl":{"start":{"line":99,"column":22},"end":{"line":99,"column":38}},"loc":{"start":{"line":99,"column":71},"end":{"line":103,"column":1}},"line":99},"9":{"name":"removeFavoriteToken","decl":{"start":{"line":105,"column":22},"end":{"line":105,"column":41}},"loc":{"start":{"line":105,"column":74},"end":{"line":108,"column":1}},"line":105},"10":{"name":"(anonymous_10)","decl":{"start":{"line":107,"column":61},"end":{"line":107,"column":62}},"loc":{"start":{"line":107,"column":66},"end":{"line":107,"column":76}},"line":107},"11":{"name":"getWalletAuth","decl":{"start":{"line":110,"column":22},"end":{"line":110,"column":35}},"loc":{"start":{"line":110,"column":66},"end":{"line":112,"column":1}},"line":110},"12":{"name":"setWalletAuth","decl":{"start":{"line":114,"column":22},"end":{"line":114,"column":35}},"loc":{"start":{"line":114,"column":72},"end":{"line":116,"column":1}},"line":114},"13":{"name":"clearWalletAuth","decl":{"start":{"line":118,"column":22},"end":{"line":118,"column":37}},"loc":{"start":{"line":118,"column":58},"end":{"line":125,"column":1}},"line":118},"14":{"name":"getCustomTokens","decl":{"start":{"line":131,"column":22},"end":{"line":131,"column":37}},"loc":{"start":{"line":131,"column":78},"end":{"line":139,"column":1}},"line":131},"15":{"name":"addCustomToken","decl":{"start":{"line":141,"column":22},"end":{"line":141,"column":36}},"loc":{"start":{"line":141,"column":80},"end":{"line":152,"column":1}},"line":141},"16":{"name":"(anonymous_16)","decl":{"start":{"line":144,"column":20},"end":{"line":144,"column":21}},"loc":{"start":{"line":144,"column":25},"end":{"line":144,"column":52}},"line":144},"17":{"name":"addCustomTokens","decl":{"start":{"line":154,"column":22},"end":{"line":154,"column":37}},"loc":{"start":{"line":154,"column":93},"end":{"line":167,"column":1}},"line":154},"18":{"name":"(anonymous_18)","decl":{"start":{"line":156,"column":45},"end":{"line":156,"column":46}},"loc":{"start":{"line":156,"column":50},"end":{"line":156,"column":59}},"line":156},"19":{"name":"(anonymous_19)","decl":{"start":{"line":159,"column":34},"end":{"line":159,"column":35}},"loc":{"start":{"line":159,"column":39},"end":{"line":159,"column":68}},"line":159},"20":{"name":"getAppSettings","decl":{"start":{"line":177,"column":22},"end":{"line":177,"column":36}},"loc":{"start":{"line":177,"column":61},"end":{"line":180,"column":1}},"line":177},"21":{"name":"updateAppSettings","decl":{"start":{"line":182,"column":22},"end":{"line":182,"column":39}},"loc":{"start":{"line":182,"column":89},"end":{"line":186,"column":1}},"line":182},"22":{"name":"resetAppSettings","decl":{"start":{"line":188,"column":22},"end":{"line":188,"column":38}},"loc":{"start":{"line":188,"column":59},"end":{"line":190,"column":1}},"line":188}},"branchMap":{"0":{"loc":{"start":{"line":32,"column":4},"end":{"line":32,"column":36}},"type":"if","locations":[{"start":{"line":32,"column":4},"end":{"line":32,"column":36}},{"start":{},"end":{}}],"line":32},"1":{"loc":{"start":{"line":55,"column":9},"end":{"line":55,"column":22}},"type":"binary-expr","locations":[{"start":{"line":55,"column":9},"end":{"line":55,"column":16}},{"start":{"line":55,"column":20},"end":{"line":55,"column":22}}],"line":55},"2":{"loc":{"start":{"line":72,"column":2},"end":{"line":72,"column":26}},"type":"if","locations":[{"start":{"line":72,"column":2},"end":{"line":72,"column":26}},{"start":{},"end":{}}],"line":72},"3":{"loc":{"start":{"line":75,"column":2},"end":{"line":75,"column":29}},"type":"if","locations":[{"start":{"line":75,"column":2},"end":{"line":75,"column":29}},{"start":{},"end":{}}],"line":75},"4":{"loc":{"start":{"line":96,"column":9},"end":{"line":96,"column":51}},"type":"binary-expr","locations":[{"start":{"line":96,"column":9},"end":{"line":96,"column":25}},{"start":{"line":96,"column":29},"end":{"line":96,"column":51}}],"line":96},"5":{"loc":{"start":{"line":101,"column":2},"end":{"line":101,"column":40}},"type":"if","locations":[{"start":{"line":101,"column":2},"end":{"line":101,"column":40}},{"start":{},"end":{}}],"line":101},"6":{"loc":{"start":{"line":133,"column":2},"end":{"line":133,"column":24}},"type":"if","locations":[{"start":{"line":133,"column":2},"end":{"line":133,"column":24}},{"start":{},"end":{}}],"line":133},"7":{"loc":{"start":{"line":136,"column":2},"end":{"line":136,"column":27}},"type":"if","locations":[{"start":{"line":136,"column":2},"end":{"line":136,"column":27}},{"start":{},"end":{}}],"line":136},"8":{"loc":{"start":{"line":144,"column":2},"end":{"line":144,"column":67}},"type":"if","locations":[{"start":{"line":144,"column":2},"end":{"line":144,"column":67}},{"start":{},"end":{}}],"line":144},"9":{"loc":{"start":{"line":160,"column":2},"end":{"line":160,"column":42}},"type":"if","locations":[{"start":{"line":160,"column":2},"end":{"line":160,"column":42}},{"start":{},"end":{}}],"line":160},"10":{"loc":{"start":{"line":179,"column":9},"end":{"line":179,"column":37}},"type":"binary-expr","locations":[{"start":{"line":179,"column":9},"end":{"line":179,"column":17}},{"start":{"line":179,"column":21},"end":{"line":179,"column":37}}],"line":179}},"s":{"0":1,"1":100,"2":100,"3":100,"4":27,"5":73,"6":1,"7":73,"8":73,"9":73,"10":0,"11":1,"12":69,"13":69,"14":60,"15":60,"16":60,"17":1,"18":1,"19":4,"20":4,"21":2,"22":2,"23":2,"24":1,"25":1,"26":2,"27":1,"28":10,"29":10,"30":3,"31":3,"32":1,"33":2,"34":1,"35":1,"36":8,"37":4,"38":2,"39":1,"40":1,"41":1,"42":0,"43":1,"44":1,"45":13,"46":13,"47":7,"48":6,"49":6,"50":1,"51":5,"52":4,"53":4,"54":1,"55":1,"56":3,"57":3,"58":2,"59":2,"60":0,"61":2,"62":113,"63":2,"64":0,"65":2,"66":2,"67":1,"68":0,"69":0,"70":0,"71":0,"72":0,"73":0},"f":{"0":100,"1":73,"2":69,"3":60,"4":1,"5":4,"6":2,"7":10,"8":3,"9":1,"10":8,"11":4,"12":2,"13":1,"14":13,"15":4,"16":1,"17":2,"18":0,"19":113,"20":0,"21":0,"22":0},"b":{"0":[27,73],"1":[69,9],"2":[2,2],"3":[1,1],"4":[10,7],"5":[1,2],"6":[7,6],"7":[1,5],"8":[1,3],"9":[0,2],"10":[0,0]},"_coverageSchema":"1a1c01bbd47fc00a2c39e90264f33305004495a9","hash":"1820bc6676b8a9061b01da2c696e3406b13ff303"}
,"/Users/hb/Projekte/solana/mobile/one-tap-dapp/app/types/branded.ts": {"path":"/Users/hb/Projekte/solana/mobile/one-tap-dapp/app/types/branded.ts","statementMap":{"0":{"start":{"line":62,"column":22},"end":{"line":113,"column":10}},"1":{"start":{"line":63,"column":42},"end":{"line":63,"column":61}},"2":{"start":{"line":64,"column":43},"end":{"line":64,"column":63}},"3":{"start":{"line":70,"column":4},"end":{"line":70,"column":52}},"4":{"start":{"line":78,"column":22},"end":{"line":78,"column":59}},"5":{"start":{"line":84,"column":4},"end":{"line":84,"column":43}},"6":{"start":{"line":90,"column":4},"end":{"line":90,"column":76}},"7":{"start":{"line":96,"column":4},"end":{"line":100,"column":5}},"8":{"start":{"line":97,"column":6},"end":{"line":97,"column":29}},"9":{"start":{"line":99,"column":6},"end":{"line":99,"column":71}},"10":{"start":{"line":107,"column":4},"end":{"line":111,"column":5}},"11":{"start":{"line":108,"column":6},"end":{"line":108,"column":35}},"12":{"start":{"line":110,"column":6},"end":{"line":110,"column":71}},"13":{"start":{"line":129,"column":27},"end":{"line":187,"column":10}},"14":{"start":{"line":140,"column":4},"end":{"line":146,"column":5}},"15":{"start":{"line":141,"column":6},"end":{"line":145,"column":9}},"16":{"start":{"line":148,"column":4},"end":{"line":154,"column":5}},"17":{"start":{"line":149,"column":6},"end":{"line":153,"column":9}},"18":{"start":{"line":156,"column":4},"end":{"line":165,"column":5}},"19":{"start":{"line":157,"column":6},"end":{"line":157,"column":27}},"20":{"start":{"line":158,"column":6},"end":{"line":158,"column":45}},"21":{"start":{"line":160,"column":6},"end":{"line":164,"column":9}},"22":{"start":{"line":172,"column":19},"end":{"line":172,"column":43}},"23":{"start":{"line":173,"column":4},"end":{"line":173,"column":21}},"24":{"start":{"line":180,"column":46},"end":{"line":180,"column":66}},"25":{"start":{"line":193,"column":22},"end":{"line":259,"column":10}},"26":{"start":{"line":199,"column":4},"end":{"line":205,"column":5}},"27":{"start":{"line":200,"column":6},"end":{"line":204,"column":9}},"28":{"start":{"line":208,"column":4},"end":{"line":214,"column":5}},"29":{"start":{"line":209,"column":6},"end":{"line":213,"column":9}},"30":{"start":{"line":217,"column":4},"end":{"line":223,"column":5}},"31":{"start":{"line":218,"column":6},"end":{"line":222,"column":9}},"32":{"start":{"line":225,"column":4},"end":{"line":225,"column":38}},"33":{"start":{"line":232,"column":19},"end":{"line":232,"column":38}},"34":{"start":{"line":233,"column":4},"end":{"line":233,"column":21}},"35":{"start":{"line":239,"column":41},"end":{"line":239,"column":56}},"36":{"start":{"line":245,"column":4},"end":{"line":251,"column":5}},"37":{"start":{"line":246,"column":6},"end":{"line":250,"column":9}},"38":{"start":{"line":252,"column":4},"end":{"line":252,"column":46}},"39":{"start":{"line":265,"column":27},"end":{"line":310,"column":10}},"40":{"start":{"line":271,"column":4},"end":{"line":277,"column":5}},"41":{"start":{"line":272,"column":6},"end":{"line":276,"column":9}},"42":{"start":{"line":279,"column":4},"end":{"line":285,"column":5}},"43":{"start":{"line":280,"column":6},"end":{"line":284,"column":9}},"44":{"start":{"line":287,"column":4},"end":{"line":287,"column":43}},"45":{"start":{"line":294,"column":19},"end":{"line":294,"column":43}},"46":{"start":{"line":295,"column":4},"end":{"line":295,"column":21}},"47":{"start":{"line":301,"column":46},"end":{"line":301,"column":66}},"48":{"start":{"line":316,"column":30},"end":{"line":354,"column":10}},"49":{"start":{"line":321,"column":4},"end":{"line":327,"column":5}},"50":{"start":{"line":322,"column":6},"end":{"line":326,"column":9}},"51":{"start":{"line":330,"column":4},"end":{"line":336,"column":5}},"52":{"start":{"line":331,"column":6},"end":{"line":335,"column":9}},"53":{"start":{"line":339,"column":4},"end":{"line":345,"column":5}},"54":{"start":{"line":340,"column":6},"end":{"line":344,"column":9}},"55":{"start":{"line":347,"column":4},"end":{"line":347,"column":52}},"56":{"start":{"line":353,"column":55},"end":{"line":353,"column":84}},"57":{"start":{"line":367,"column":2},"end":{"line":367,"column":75}},"58":{"start":{"line":379,"column":2},"end":{"line":379,"column":76}}},"fnMap":{"0":{"name":"(anonymous_0)","decl":{"start":{"line":63,"column":6},"end":{"line":63,"column":7}},"loc":{"start":{"line":63,"column":42},"end":{"line":63,"column":61}},"line":63},"1":{"name":"(anonymous_1)","decl":{"start":{"line":64,"column":7},"end":{"line":64,"column":8}},"loc":{"start":{"line":64,"column":43},"end":{"line":64,"column":63}},"line":64},"2":{"name":"(anonymous_2)","decl":{"start":{"line":69,"column":7},"end":{"line":69,"column":8}},"loc":{"start":{"line":70,"column":4},"end":{"line":70,"column":52}},"line":70},"3":{"name":"(anonymous_3)","decl":{"start":{"line":75,"column":11},"end":{"line":75,"column":12}},"loc":{"start":{"line":78,"column":22},"end":{"line":78,"column":59}},"line":78},"4":{"name":"(anonymous_4)","decl":{"start":{"line":83,"column":12},"end":{"line":83,"column":13}},"loc":{"start":{"line":84,"column":4},"end":{"line":84,"column":43}},"line":84},"5":{"name":"(anonymous_5)","decl":{"start":{"line":89,"column":13},"end":{"line":89,"column":14}},"loc":{"start":{"line":90,"column":4},"end":{"line":90,"column":76}},"line":90},"6":{"name":"(anonymous_6)","decl":{"start":{"line":95,"column":11},"end":{"line":95,"column":12}},"loc":{"start":{"line":95,"column":49},"end":{"line":101,"column":3}},"line":95},"7":{"name":"(anonymous_7)","decl":{"start":{"line":106,"column":16},"end":{"line":106,"column":17}},"loc":{"start":{"line":106,"column":78},"end":{"line":112,"column":3}},"line":106},"8":{"name":"(anonymous_8)","decl":{"start":{"line":139,"column":9},"end":{"line":139,"column":10}},"loc":{"start":{"line":139,"column":66},"end":{"line":166,"column":3}},"line":139},"9":{"name":"(anonymous_9)","decl":{"start":{"line":171,"column":11},"end":{"line":171,"column":12}},"loc":{"start":{"line":171,"column":52},"end":{"line":174,"column":3}},"line":171},"10":{"name":"(anonymous_10)","decl":{"start":{"line":180,"column":14},"end":{"line":180,"column":15}},"loc":{"start":{"line":180,"column":46},"end":{"line":180,"column":66}},"line":180},"11":{"name":"(anonymous_11)","decl":{"start":{"line":198,"column":9},"end":{"line":198,"column":10}},"loc":{"start":{"line":198,"column":61},"end":{"line":226,"column":3}},"line":198},"12":{"name":"(anonymous_12)","decl":{"start":{"line":231,"column":11},"end":{"line":231,"column":12}},"loc":{"start":{"line":231,"column":47},"end":{"line":234,"column":3}},"line":231},"13":{"name":"(anonymous_13)","decl":{"start":{"line":239,"column":14},"end":{"line":239,"column":15}},"loc":{"start":{"line":239,"column":41},"end":{"line":239,"column":56}},"line":239},"14":{"name":"(anonymous_14)","decl":{"start":{"line":244,"column":14},"end":{"line":244,"column":15}},"loc":{"start":{"line":244,"column":66},"end":{"line":253,"column":3}},"line":244},"15":{"name":"(anonymous_15)","decl":{"start":{"line":270,"column":9},"end":{"line":270,"column":10}},"loc":{"start":{"line":270,"column":66},"end":{"line":288,"column":3}},"line":270},"16":{"name":"(anonymous_16)","decl":{"start":{"line":293,"column":11},"end":{"line":293,"column":12}},"loc":{"start":{"line":293,"column":52},"end":{"line":296,"column":3}},"line":293},"17":{"name":"(anonymous_17)","decl":{"start":{"line":301,"column":14},"end":{"line":301,"column":15}},"loc":{"start":{"line":301,"column":46},"end":{"line":301,"column":66}},"line":301},"18":{"name":"(anonymous_18)","decl":{"start":{"line":320,"column":9},"end":{"line":320,"column":10}},"loc":{"start":{"line":320,"column":75},"end":{"line":348,"column":3}},"line":320},"19":{"name":"(anonymous_19)","decl":{"start":{"line":353,"column":14},"end":{"line":353,"column":15}},"loc":{"start":{"line":353,"column":55},"end":{"line":353,"column":84}},"line":353},"20":{"name":"assertNever","decl":{"start":{"line":366,"column":16},"end":{"line":366,"column":27}},"loc":{"start":{"line":366,"column":67},"end":{"line":368,"column":1}},"line":366},"21":{"name":"ensure","decl":{"start":{"line":374,"column":16},"end":{"line":374,"column":22}},"loc":{"start":{"line":378,"column":20},"end":{"line":380,"column":1}},"line":378}},"branchMap":{"0":{"loc":{"start":{"line":70,"column":4},"end":{"line":70,"column":52}},"type":"cond-expr","locations":[{"start":{"line":70,"column":16},"end":{"line":70,"column":43}},{"start":{"line":70,"column":46},"end":{"line":70,"column":52}}],"line":70},"1":{"loc":{"start":{"line":78,"column":22},"end":{"line":78,"column":59}},"type":"cond-expr","locations":[{"start":{"line":78,"column":34},"end":{"line":78,"column":50}},{"start":{"line":78,"column":53},"end":{"line":78,"column":59}}],"line":78},"2":{"loc":{"start":{"line":84,"column":4},"end":{"line":84,"column":43}},"type":"cond-expr","locations":[{"start":{"line":84,"column":16},"end":{"line":84,"column":28}},{"start":{"line":84,"column":31},"end":{"line":84,"column":43}}],"line":84},"3":{"loc":{"start":{"line":90,"column":4},"end":{"line":90,"column":76}},"type":"cond-expr","locations":[{"start":{"line":90,"column":16},"end":{"line":90,"column":45}},{"start":{"line":90,"column":48},"end":{"line":90,"column":76}}],"line":90},"4":{"loc":{"start":{"line":99,"column":24},"end":{"line":99,"column":69}},"type":"cond-expr","locations":[{"start":{"line":99,"column":45},"end":{"line":99,"column":46}},{"start":{"line":99,"column":49},"end":{"line":99,"column":69}}],"line":99},"5":{"loc":{"start":{"line":110,"column":24},"end":{"line":110,"column":69}},"type":"cond-expr","locations":[{"start":{"line":110,"column":45},"end":{"line":110,"column":46}},{"start":{"line":110,"column":49},"end":{"line":110,"column":69}}],"line":110},"6":{"loc":{"start":{"line":140,"column":4},"end":{"line":146,"column":5}},"type":"if","locations":[{"start":{"line":140,"column":4},"end":{"line":146,"column":5}},{"start":{},"end":{}}],"line":140},"7":{"loc":{"start":{"line":140,"column":8},"end":{"line":140,"column":37}},"type":"binary-expr","locations":[{"start":{"line":140,"column":8},"end":{"line":140,"column":14}},{"start":{"line":140,"column":18},"end":{"line":140,"column":37}}],"line":140},"8":{"loc":{"start":{"line":148,"column":4},"end":{"line":154,"column":5}},"type":"if","locations":[{"start":{"line":148,"column":4},"end":{"line":154,"column":5}},{"start":{},"end":{}}],"line":148},"9":{"loc":{"start":{"line":148,"column":8},"end":{"line":148,"column":46}},"type":"binary-expr","locations":[{"start":{"line":148,"column":8},"end":{"line":148,"column":25}},{"start":{"line":148,"column":29},"end":{"line":148,"column":46}}],"line":148},"10":{"loc":{"start":{"line":199,"column":4},"end":{"line":205,"column":5}},"type":"if","locations":[{"start":{"line":199,"column":4},"end":{"line":205,"column":5}},{"start":{},"end":{}}],"line":199},"11":{"loc":{"start":{"line":199,"column":8},"end":{"line":199,"column":37}},"type":"binary-expr","locations":[{"start":{"line":199,"column":8},"end":{"line":199,"column":14}},{"start":{"line":199,"column":18},"end":{"line":199,"column":37}}],"line":199},"12":{"loc":{"start":{"line":208,"column":4},"end":{"line":214,"column":5}},"type":"if","locations":[{"start":{"line":208,"column":4},"end":{"line":214,"column":5}},{"start":{},"end":{}}],"line":208},"13":{"loc":{"start":{"line":217,"column":4},"end":{"line":223,"column":5}},"type":"if","locations":[{"start":{"line":217,"column":4},"end":{"line":223,"column":5}},{"start":{},"end":{}}],"line":217},"14":{"loc":{"start":{"line":245,"column":4},"end":{"line":251,"column":5}},"type":"if","locations":[{"start":{"line":245,"column":4},"end":{"line":251,"column":5}},{"start":{},"end":{}}],"line":245},"15":{"loc":{"start":{"line":245,"column":8},"end":{"line":245,"column":45}},"type":"binary-expr","locations":[{"start":{"line":245,"column":8},"end":{"line":245,"column":32}},{"start":{"line":245,"column":36},"end":{"line":245,"column":45}}],"line":245},"16":{"loc":{"start":{"line":271,"column":4},"end":{"line":277,"column":5}},"type":"if","locations":[{"start":{"line":271,"column":4},"end":{"line":277,"column":5}},{"start":{},"end":{}}],"line":271},"17":{"loc":{"start":{"line":279,"column":4},"end":{"line":285,"column":5}},"type":"if","locations":[{"start":{"line":279,"column":4},"end":{"line":285,"column":5}},{"start":{},"end":{}}],"line":279},"18":{"loc":{"start":{"line":279,"column":8},"end":{"line":279,"column":34}},"type":"binary-expr","locations":[{"start":{"line":279,"column":8},"end":{"line":279,"column":17}},{"start":{"line":279,"column":21},"end":{"line":279,"column":34}}],"line":279},"19":{"loc":{"start":{"line":321,"column":4},"end":{"line":327,"column":5}},"type":"if","locations":[{"start":{"line":321,"column":4},"end":{"line":327,"column":5}},{"start":{},"end":{}}],"line":321},"20":{"loc":{"start":{"line":321,"column":8},"end":{"line":321,"column":37}},"type":"binary-expr","locations":[{"start":{"line":321,"column":8},"end":{"line":321,"column":14}},{"start":{"line":321,"column":18},"end":{"line":321,"column":37}}],"line":321},"21":{"loc":{"start":{"line":330,"column":4},"end":{"line":336,"column":5}},"type":"if","locations":[{"start":{"line":330,"column":4},"end":{"line":336,"column":5}},{"start":{},"end":{}}],"line":330},"22":{"loc":{"start":{"line":339,"column":4},"end":{"line":345,"column":5}},"type":"if","locations":[{"start":{"line":339,"column":4},"end":{"line":345,"column":5}},{"start":{},"end":{}}],"line":339},"23":{"loc":{"start":{"line":367,"column":18},"end":{"line":367,"column":73}},"type":"binary-expr","locations":[{"start":{"line":367,"column":18},"end":{"line":367,"column":25}},{"start":{"line":367,"column":29},"end":{"line":367,"column":73}}],"line":367},"24":{"loc":{"start":{"line":379,"column":9},"end":{"line":379,"column":75}},"type":"cond-expr","locations":[{"start":{"line":379,"column":21},"end":{"line":379,"column":37}},{"start":{"line":379,"column":40},"end":{"line":379,"column":75}}],"line":379}},"s":{"0":2,"1":68,"2":58,"3":2,"4":3,"5":2,"6":0,"7":3,"8":3,"9":2,"10":2,"11":2,"12":1,"13":2,"14":44,"15":5,"16":39,"17":9,"18":30,"19":30,"20":28,"21":2,"22":27,"23":27,"24":0,"25":2,"26":22,"27":2,"28":20,"29":8,"30":12,"31":1,"32":11,"33":1,"34":1,"35":0,"36":13,"37":8,"38":5,"39":2,"40":23,"41":3,"42":20,"43":6,"44":14,"45":4,"46":4,"47":0,"48":2,"49":7,"50":1,"51":6,"52":3,"53":3,"54":2,"55":1,"56":0,"57":1,"58":0},"f":{"0":68,"1":58,"2":2,"3":3,"4":2,"5":0,"6":3,"7":2,"8":44,"9":27,"10":0,"11":22,"12":1,"13":0,"14":13,"15":23,"16":4,"17":0,"18":7,"19":0,"20":1,"21":0},"b":{"0":[1,1],"1":[2,1],"2":[1,1],"3":[0,0],"4":[1,1],"5":[1,0],"6":[5,39],"7":[44,40],"8":[9,30],"9":[39,31],"10":[2,20],"11":[22,21],"12":[8,12],"13":[1,11],"14":[8,5],"15":[13,8],"16":[3,20],"17":[6,14],"18":[20,17],"19":[1,6],"20":[7,6],"21":[3,3],"22":[2,1],"23":[1,1],"24":[0,0]},"_coverageSchema":"1a1c01bbd47fc00a2c39e90264f33305004495a9","hash":"808dd6fb085c969aaf09e8887f102c26f6262119"}
}
