TN:
SF:app/jupiter/campaigns.ts
FN:311,getCampaignStatus
FN:326,getActiveCampaign
FN:327,(anonymous_2)
FN:332,getCampaignTimeRemaining
FN:355,formatTimeRemaining
FN:371,getCampaignFeeTier
FN:384,getCampaignNextTier
FN:386,(anonymous_7)
FN:396,calculateBonuses
FN:400,(anonymous_9)
FN:409,getCampaignEffectiveFee
FNF:11
FNH:11
FNDA:11,getCampaignStatus
FNDA:3,getActiveCampaign
FNDA:3,(anonymous_2)
FNDA:14,getCampaignTimeRemaining
FNDA:8,formatTimeRemaining
FNDA:76,getCampaignFeeTier
FNDA:21,getCampaignNextTier
FNDA:174,(anonymous_7)
FNDA:15,calculateBonuses
FNDA:17,(anonymous_9)
FNDA:8,getCampaignEffectiveFee
DA:53,3
DA:72,3
DA:83,3
DA:86,3
DA:114,3
DA:156,3
DA:185,3
DA:214,3
DA:241,3
DA:270,3
DA:296,3
DA:305,3
DA:312,11
DA:314,11
DA:315,2
DA:318,9
DA:319,2
DA:322,7
DA:327,3
DA:328,3
DA:338,14
DA:340,10
DA:341,10
DA:343,10
DA:344,4
DA:347,6
DA:348,6
DA:349,6
DA:351,6
DA:356,8
DA:358,8
DA:359,6
DA:361,4
DA:362,2
DA:364,2
DA:365,1
DA:367,1
DA:372,76
DA:374,76
DA:375,663
DA:376,70
DA:380,6
DA:385,21
DA:386,174
DA:388,21
DA:389,12
DA:392,9
DA:400,15
DA:401,17
DA:402,13
DA:404,4
DA:414,8
DA:415,8
DA:417,8
LF:54
LH:54
BRDA:83,0,0,3
BRDA:83,0,1,3
BRDA:119,1,0,3
BRDA:119,1,1,3
BRDA:314,2,0,2
BRDA:314,2,1,9
BRDA:318,3,0,2
BRDA:318,3,1,7
BRDA:318,4,0,9
BRDA:318,4,1,3
BRDA:328,5,0,3
BRDA:328,5,1,0
BRDA:338,6,0,4
BRDA:338,6,1,10
BRDA:343,7,0,4
BRDA:343,7,1,6
BRDA:358,8,0,2
BRDA:358,8,1,6
BRDA:359,9,0,2
BRDA:359,9,1,4
BRDA:361,10,0,2
BRDA:361,10,1,2
BRDA:364,11,0,1
BRDA:364,11,1,1
BRDA:375,12,0,70
BRDA:375,12,1,593
BRDA:388,13,0,12
BRDA:388,13,1,9
BRDA:401,14,0,13
BRDA:401,14,1,4
BRF:30
BRH:29
end_of_record
TN:
SF:app/jupiter/config.ts
FN:16,getJupiterHeaders
FN:25,jupiterLog
FNF:2
FNH:2
FNDA:10,getJupiterHeaders
FNDA:19,jupiterLog
DA:7,1
DA:9,1
DA:13,1
DA:14,1
DA:17,10
DA:26,19
DA:27,19
LF:7
LH:7
BRDA:7,0,0,1
BRDA:7,0,1,1
BRDA:13,1,0,1
BRDA:13,1,1,1
BRDA:26,2,0,19
BRDA:26,2,1,0
BRF:6
BRH:5
end_of_record
TN:
SF:app/jupiter/fees.ts
FN:40,(anonymous_0)
FN:56,getFeeTier
FN:61,getEffectiveFee
FN:70,getEffectiveFeeWithBonuses
FN:78,getNextTier
FN:83,getSkrToNextTier
FN:90,formatFee
FN:96,calculateSavings
FN:103,getTierProgress
FNF:9
FNH:8
FNDA:1,(anonymous_0)
FNDA:31,getFeeTier
FNDA:9,getEffectiveFee
FNDA:0,getEffectiveFeeWithBonuses
FNDA:15,getNextTier
FNDA:5,getSkrToNextTier
FNDA:4,formatFee
FNDA:3,calculateSavings
FNDA:5,getTierProgress
DA:25,1
DA:29,1
DA:34,1
DA:35,1
DA:39,1
DA:40,1
DA:53,1
DA:57,31
DA:63,9
DA:64,6
DA:66,3
DA:74,0
DA:79,15
DA:84,5
DA:85,5
DA:86,3
DA:91,4
DA:92,3
DA:97,3
DA:98,3
DA:99,3
DA:104,5
DA:105,5
DA:107,5
DA:109,3
DA:110,3
DA:112,3
LF:27
LH:26
BRDA:25,0,0,1
BRDA:25,0,1,0
BRDA:35,1,0,1
BRDA:35,1,1,1
BRDA:39,2,0,1
BRDA:39,2,1,0
BRDA:63,3,0,6
BRDA:63,3,1,3
BRDA:85,4,0,2
BRDA:85,4,1,3
BRDA:91,5,0,1
BRDA:91,5,1,3
BRDA:107,6,0,2
BRDA:107,6,1,3
BRF:14
BRH:12
end_of_record
TN:
SF:app/jupiter/quote.ts
FN:65,formatJupiterError
FN:88,isValidMintAddress
FN:103,getQuoteSafe
FN:162,validateSwapParams
FN:210,getQuote
FN:260,getSwapTransaction
FNF:6
FNH:3
FNDA:0,formatJupiterError
FNDA:21,isValidMintAddress
FNDA:0,getQuoteSafe
FNDA:0,validateSwapParams
FNDA:12,getQuote
FNDA:2,getSwapTransaction
DA:66,0
DA:68,0
DA:70,0
DA:72,0
DA:74,0
DA:76,0
DA:89,21
DA:106,0
DA:109,0
DA:116,0
DA:118,0
DA:122,0
DA:124,0
DA:125,0
DA:127,0
DA:131,0
DA:132,0
DA:133,0
DA:135,0
DA:136,0
DA:139,0
DA:146,0
DA:147,0
DA:148,0
DA:150,0
DA:151,0
DA:165,0
DA:166,0
DA:167,0
DA:174,0
DA:175,0
DA:176,0
DA:183,0
DA:184,0
DA:185,0
DA:192,0
DA:212,12
DA:213,3
DA:215,9
DA:216,1
DA:219,8
DA:220,8
DA:229,8
DA:230,8
DA:231,8
DA:234,8
DA:236,8
DA:237,8
DA:239,8
DA:243,6
DA:244,2
DA:245,2
DA:246,2
DA:248,4
DA:249,4
DA:250,4
DA:252,4
DA:253,4
DA:254,4
DA:256,0
DA:264,2
DA:271,2
DA:272,2
DA:275,2
DA:281,2
DA:282,1
DA:283,1
DA:284,1
DA:287,1
DA:288,1
DA:289,1
LF:71
LH:35
BRDA:66,0,0,0
BRDA:66,0,1,0
BRDA:66,0,2,0
BRDA:66,0,3,0
BRDA:66,0,4,0
BRDA:106,1,0,0
BRDA:106,1,1,0
BRDA:116,2,0,0
BRDA:116,2,1,0
BRDA:118,3,0,0
BRDA:118,3,1,0
BRDA:118,4,0,0
BRDA:118,4,1,0
BRDA:131,5,0,0
BRDA:131,5,1,0
BRDA:135,6,0,0
BRDA:135,6,1,0
BRDA:153,7,0,0
BRDA:153,7,1,0
BRDA:166,8,0,0
BRDA:166,8,1,0
BRDA:175,9,0,0
BRDA:175,9,1,0
BRDA:184,10,0,0
BRDA:184,10,1,0
BRDA:212,11,0,3
BRDA:212,11,1,9
BRDA:215,12,0,1
BRDA:215,12,1,8
BRDA:219,13,0,8
BRDA:219,13,1,7
BRDA:229,14,0,8
BRDA:229,14,1,7
BRDA:230,15,0,8
BRDA:230,15,1,0
BRDA:230,16,0,8
BRDA:230,16,1,8
BRDA:243,17,0,2
BRDA:243,17,1,4
BRDA:253,18,0,4
BRDA:253,18,1,0
BRDA:271,19,0,2
BRDA:271,19,1,0
BRDA:281,20,0,1
BRDA:281,20,1,1
BRF:45
BRH:17
end_of_record
TN:
SF:app/storage/index.ts
FN:27,getItem
FN:39,setItem
FN:53,getSwapHistory
FN:58,addSwapRecord
FN:64,clearSwapHistory
FN:70,getTokenCache
FN:80,setTokenCache
FN:94,getFavoriteTokens
FN:99,addFavoriteToken
FN:105,removeFavoriteToken
FN:107,(anonymous_10)
FN:110,getWalletAuth
FN:114,setWalletAuth
FN:118,clearWalletAuth
FN:131,getCustomTokens
FN:141,addCustomToken
FN:144,(anonymous_16)
FN:154,addCustomTokens
FN:156,(anonymous_18)
FN:159,(anonymous_19)
FN:177,getAppSettings
FN:182,updateAppSettings
FN:188,resetAppSettings
FNF:23
FNH:19
FNDA:100,getItem
FNDA:73,setItem
FNDA:69,getSwapHistory
FNDA:60,addSwapRecord
FNDA:1,clearSwapHistory
FNDA:4,getTokenCache
FNDA:2,setTokenCache
FNDA:10,getFavoriteTokens
FNDA:3,addFavoriteToken
FNDA:1,removeFavoriteToken
FNDA:8,(anonymous_10)
FNDA:4,getWalletAuth
FNDA:2,setWalletAuth
FNDA:1,clearWalletAuth
FNDA:13,getCustomTokens
FNDA:4,addCustomToken
FNDA:1,(anonymous_16)
FNDA:2,addCustomTokens
FNDA:0,(anonymous_18)
FNDA:113,(anonymous_19)
FNDA:0,getAppSettings
FNDA:0,updateAppSettings
FNDA:0,resetAppSettings
DA:4,1
DA:30,100
DA:31,100
DA:32,100
DA:33,73
DA:35,1
DA:43,73
DA:44,73
DA:45,73
DA:47,0
DA:51,1
DA:54,69
DA:55,69
DA:59,60
DA:60,60
DA:61,60
DA:65,1
DA:68,1
DA:71,4
DA:72,4
DA:74,2
DA:75,2
DA:77,1
DA:81,2
DA:84,1
DA:95,10
DA:96,10
DA:100,3
DA:101,3
DA:102,2
DA:106,1
DA:107,8
DA:111,4
DA:115,2
DA:119,1
DA:120,1
DA:121,1
DA:123,0
DA:128,1
DA:129,1
DA:132,13
DA:133,13
DA:135,6
DA:136,6
DA:138,5
DA:142,4
DA:144,4
DA:147,3
DA:148,3
DA:155,2
DA:156,2
DA:159,113
DA:160,2
DA:162,2
DA:163,2
DA:170,1
DA:178,0
DA:179,0
DA:183,0
DA:184,0
DA:185,0
DA:189,0
LF:62
LH:54
BRDA:32,0,0,27
BRDA:32,0,1,73
BRDA:55,1,0,69
BRDA:55,1,1,9
BRDA:72,2,0,2
BRDA:72,2,1,2
BRDA:75,3,0,1
BRDA:75,3,1,1
BRDA:96,4,0,10
BRDA:96,4,1,7
BRDA:101,5,0,1
BRDA:101,5,1,2
BRDA:133,6,0,7
BRDA:133,6,1,6
BRDA:136,7,0,1
BRDA:136,7,1,5
BRDA:144,8,0,1
BRDA:144,8,1,3
BRDA:160,9,0,0
BRDA:160,9,1,2
BRDA:179,10,0,0
BRDA:179,10,1,0
BRF:22
BRH:19
end_of_record
TN:
SF:app/types/branded.ts
FN:63,(anonymous_0)
FN:64,(anonymous_1)
FN:69,(anonymous_2)
FN:75,(anonymous_3)
FN:83,(anonymous_4)
FN:89,(anonymous_5)
FN:95,(anonymous_6)
FN:106,(anonymous_7)
FN:139,(anonymous_8)
FN:171,(anonymous_9)
FN:180,(anonymous_10)
FN:198,(anonymous_11)
FN:231,(anonymous_12)
FN:239,(anonymous_13)
FN:244,(anonymous_14)
FN:270,(anonymous_15)
FN:293,(anonymous_16)
FN:301,(anonymous_17)
FN:320,(anonymous_18)
FN:353,(anonymous_19)
FN:366,assertNever
FN:374,ensure
FNF:22
FNH:16
FNDA:68,(anonymous_0)
FNDA:58,(anonymous_1)
FNDA:2,(anonymous_2)
FNDA:3,(anonymous_3)
FNDA:2,(anonymous_4)
FNDA:0,(anonymous_5)
FNDA:3,(anonymous_6)
FNDA:2,(anonymous_7)
FNDA:44,(anonymous_8)
FNDA:27,(anonymous_9)
FNDA:0,(anonymous_10)
FNDA:22,(anonymous_11)
FNDA:1,(anonymous_12)
FNDA:0,(anonymous_13)
FNDA:13,(anonymous_14)
FNDA:23,(anonymous_15)
FNDA:4,(anonymous_16)
FNDA:0,(anonymous_17)
FNDA:7,(anonymous_18)
FNDA:0,(anonymous_19)
FNDA:1,assertNever
FNDA:0,ensure
DA:62,2
DA:63,68
DA:64,58
DA:70,2
DA:78,3
DA:84,2
DA:90,0
DA:96,3
DA:97,3
DA:99,2
DA:107,2
DA:108,2
DA:110,1
DA:129,2
DA:140,44
DA:141,5
DA:148,39
DA:149,9
DA:156,30
DA:157,30
DA:158,28
DA:160,2
DA:172,27
DA:173,27
DA:180,0
DA:193,2
DA:199,22
DA:200,2
DA:208,20
DA:209,8
DA:217,12
DA:218,1
DA:225,11
DA:232,1
DA:233,1
DA:239,0
DA:245,13
DA:246,8
DA:252,5
DA:265,2
DA:271,23
DA:272,3
DA:279,20
DA:280,6
DA:287,14
DA:294,4
DA:295,4
DA:301,0
DA:316,2
DA:321,7
DA:322,1
DA:330,6
DA:331,3
DA:339,3
DA:340,2
DA:347,1
DA:353,0
DA:367,1
DA:379,0
LF:59
LH:53
BRDA:70,0,0,1
BRDA:70,0,1,1
BRDA:78,1,0,2
BRDA:78,1,1,1
BRDA:84,2,0,1
BRDA:84,2,1,1
BRDA:90,3,0,0
BRDA:90,3,1,0
BRDA:99,4,0,1
BRDA:99,4,1,1
BRDA:110,5,0,1
BRDA:110,5,1,0
BRDA:140,6,0,5
BRDA:140,6,1,39
BRDA:140,7,0,44
BRDA:140,7,1,40
BRDA:148,8,0,9
BRDA:148,8,1,30
BRDA:148,9,0,39
BRDA:148,9,1,31
BRDA:199,10,0,2
BRDA:199,10,1,20
BRDA:199,11,0,22
BRDA:199,11,1,21
BRDA:208,12,0,8
BRDA:208,12,1,12
BRDA:217,13,0,1
BRDA:217,13,1,11
BRDA:245,14,0,8
BRDA:245,14,1,5
BRDA:245,15,0,13
BRDA:245,15,1,8
BRDA:271,16,0,3
BRDA:271,16,1,20
BRDA:279,17,0,6
BRDA:279,17,1,14
BRDA:279,18,0,20
BRDA:279,18,1,17
BRDA:321,19,0,1
BRDA:321,19,1,6
BRDA:321,20,0,7
BRDA:321,20,1,6
BRDA:330,21,0,3
BRDA:330,21,1,3
BRDA:339,22,0,2
BRDA:339,22,1,1
BRDA:367,23,0,1
BRDA:367,23,1,1
BRDA:379,24,0,0
BRDA:379,24,1,0
BRF:50
BRH:45
end_of_record
